Using pre-set license
Built from '6000.0/staging' branch; Version is '6000.0.24f1 (11fa355cd605) revision 1178165'; Using compiler version '193933523'; Build Type 'Release'
OS: 'Windows 11  (10.0.22631) 64bit Core' Language: 'ru' Physical Memory: 16121 MB
BatchMode: 1, IsHumanControllingUs: 0, StartBugReporterOnCrash: 0, Is64bit: 1, IsPro: 1

COMMAND LINE ARGUMENTS:
D:\Unity Hub\6000.0.24f1\Editor\Unity.exe
-adb2
-batchMode
-noUpm
-name
AssetImportWorker2
-projectPath
C:/Users/User/Documents/3D game
-logFile
Logs/AssetImportWorker2.log
-srvPort
51007
-job-worker-count
5
-background-job-worker-count
8
-asset-garbage-collectors
1
Successfully changed project path to: C:/Users/User/Documents/3D game
C:/Users/User/Documents/3D game
[UnityMemory] Configuration Parameters - Can be set up in boot.config
    "memorysetup-bucket-allocator-granularity=16"
    "memorysetup-bucket-allocator-bucket-count=8"
    "memorysetup-bucket-allocator-block-size=33554432"
    "memorysetup-bucket-allocator-block-count=8"
    "memorysetup-main-allocator-block-size=16777216"
    "memorysetup-thread-allocator-block-size=16777216"
    "memorysetup-gfx-main-allocator-block-size=16777216"
    "memorysetup-gfx-thread-allocator-block-size=16777216"
    "memorysetup-cache-allocator-block-size=4194304"
    "memorysetup-typetree-allocator-block-size=2097152"
    "memorysetup-profiler-bucket-allocator-granularity=16"
    "memorysetup-profiler-bucket-allocator-bucket-count=8"
    "memorysetup-profiler-bucket-allocator-block-size=33554432"
    "memorysetup-profiler-bucket-allocator-block-count=8"
    "memorysetup-profiler-allocator-block-size=16777216"
    "memorysetup-profiler-editor-allocator-block-size=1048576"
    "memorysetup-temp-allocator-size-main=16777216"
    "memorysetup-job-temp-allocator-block-size=2097152"
    "memorysetup-job-temp-allocator-block-size-background=1048576"
    "memorysetup-job-temp-allocator-reduction-small-platforms=262144"
    "memorysetup-allocator-temp-initial-block-size-main=262144"
    "memorysetup-allocator-temp-initial-block-size-worker=262144"
    "memorysetup-temp-allocator-size-background-worker=32768"
    "memorysetup-temp-allocator-size-job-worker=262144"
    "memorysetup-temp-allocator-size-preload-manager=33554432"
    "memorysetup-temp-allocator-size-nav-mesh-worker=65536"
    "memorysetup-temp-allocator-size-audio-worker=65536"
    "memorysetup-temp-allocator-size-cloud-worker=32768"
    "memorysetup-temp-allocator-size-gi-baking-worker=262144"
    "memorysetup-temp-allocator-size-gi-baking-worker=262144"
    "memorysetup-temp-allocator-size-gi-baking-worker=262144"
    "memorysetup-temp-allocator-size-gi-baking-worker=262144"
    "memorysetup-temp-allocator-size-gi-baking-worker=262144"
    "memorysetup-temp-allocator-size-gfx=262144"
Player connection [14132]  Target information:

Player connection [14132]  * "[IP] 192.168.31.119 [Port] 0 [Flags] 2 [Guid] 2955256087 [EditorId] 2955256087 [Version] 1048832 [Id] WindowsEditor(7,Asus) [Debug] 1 [PackageName] WindowsEditor [ProjectName] Editor" 

Player connection [14132] Host joined multi-casting on [225.0.0.222:54997]...
Player connection [14132] Host joined alternative multi-casting on [225.0.0.222:34997]...
JobSystem: Creating JobQueue using job-worker-count value 5
[Physics::Module] Initialized fallback backend.
[Physics::Module] Id: 0xdecafbad
Library Redirect Path: Library/
[Physics::Module] Selected backend.
[Physics::Module] Name: PhysX
[Physics::Module] Id: 0xf2b8ea05
[Physics::Module] SDK Version: 4.1.2
[Physics::Module] Integration Version: 1.0.0
[Physics::Module] Threading Mode: Multi-Threaded
Refreshing native plugins compatible for Editor in 3.17 ms, found 3 plugins.
Preloading 0 native plugins for Editor in 0.00 ms.
Initialize engine version: 6000.0.24f1 (11fa355cd605)
[Subsystems] Discovering subsystems at path D:/Unity Hub/6000.0.24f1/Editor/Data/Resources/UnitySubsystems
[Subsystems] Discovering subsystems at path C:/Users/User/Documents/3D game/Assets
GfxDevice: creating device client; kGfxThreadingModeNonThreaded
Direct3D:
    Version:  Direct3D 11.0 [level 11.1]
    Renderer: NVIDIA GeForce RTX 3050 Ti Laptop GPU (ID=0x25a0)
    Vendor:   NVIDIA
    VRAM:     3962 MB
    Driver:   32.0.15.6590
Initialize mono
Mono path[0] = 'D:/Unity Hub/6000.0.24f1/Editor/Data/Managed'
Mono path[1] = 'D:/Unity Hub/6000.0.24f1/Editor/Data/MonoBleedingEdge/lib/mono/unityjit-win32'
Mono config path = 'D:/Unity Hub/6000.0.24f1/Editor/Data/MonoBleedingEdge/etc'
Using monoOptions --debugger-agent=transport=dt_socket,embedding=1,server=y,suspend=n,address=127.0.0.1:56828
Begin MonoManager ReloadAssembly
Registering precompiled unity dll's ...
Register platform support module: D:/Unity Hub/6000.0.24f1/Editor/Data/PlaybackEngines/WindowsStandaloneSupport/UnityEditor.WindowsStandalone.Extensions.dll
Registered in 0.002900 seconds.
- Loaded All Assemblies, in  0.538 seconds
Native extension for WindowsStandalone target not found
Mono: successfully reloaded assembly
- Finished resetting the current domain, in  0.492 seconds
Domain Reload Profiling: 1031ms
	BeginReloadAssembly (178ms)
		ExecutionOrderSort (0ms)
		DisableScriptedObjects (0ms)
		BackupInstance (0ms)
		ReleaseScriptingObjects (0ms)
		CreateAndSetChildDomain (1ms)
	RebuildCommonClasses (56ms)
	RebuildNativeTypeToScriptingClass (18ms)
	initialDomainReloadingComplete (63ms)
	LoadAllAssembliesAndSetupDomain (222ms)
		LoadAssemblies (177ms)
		RebuildTransferFunctionScriptingTraits (0ms)
		AnalyzeDomain (216ms)
			TypeCache.Refresh (214ms)
				TypeCache.ScanAssembly (194ms)
			BuildScriptInfoCaches (0ms)
			ResolveRequiredComponents (1ms)
	FinalizeReload (493ms)
		ReleaseScriptCaches (0ms)
		RebuildScriptCaches (0ms)
		SetupLoadedEditorAssemblies (428ms)
			LogAssemblyErrors (0ms)
			InitializePlatformSupportModulesInManaged (37ms)
			SetLoadedEditorAssemblies (7ms)
			BeforeProcessingInitializeOnLoad (8ms)
			ProcessInitializeOnLoadAttributes (270ms)
			ProcessInitializeOnLoadMethodAttributes (103ms)
			AfterProcessingInitializeOnLoad (3ms)
			EditorAssembliesLoaded (0ms)
		ExecutionOrderSort2 (0ms)
		AwakeInstancesAfterBackupRestoration (0ms)
========================================================================
Worker process is ready to serve import requests
Import Worker Mode flag is 0x00
Begin MonoManager ReloadAssembly
- Loaded All Assemblies, in  0.893 seconds
Refreshing native plugins compatible for Editor in 1.06 ms, found 3 plugins.
Native extension for WindowsStandalone target not found
Mono: successfully reloaded assembly
- Finished resetting the current domain, in  0.634 seconds
Domain Reload Profiling: 1525ms
	BeginReloadAssembly (500ms)
		ExecutionOrderSort (0ms)
		DisableScriptedObjects (7ms)
		BackupInstance (0ms)
		ReleaseScriptingObjects (0ms)
		CreateAndSetChildDomain (35ms)
	RebuildCommonClasses (39ms)
	RebuildNativeTypeToScriptingClass (12ms)
	initialDomainReloadingComplete (33ms)
	LoadAllAssembliesAndSetupDomain (307ms)
		LoadAssemblies (258ms)
		RebuildTransferFunctionScriptingTraits (0ms)
		AnalyzeDomain (151ms)
			TypeCache.Refresh (109ms)
				TypeCache.ScanAssembly (96ms)
			BuildScriptInfoCaches (34ms)
			ResolveRequiredComponents (5ms)
	FinalizeReload (634ms)
		ReleaseScriptCaches (0ms)
		RebuildScriptCaches (0ms)
		SetupLoadedEditorAssemblies (422ms)
			LogAssemblyErrors (0ms)
			InitializePlatformSupportModulesInManaged (3ms)
			SetLoadedEditorAssemblies (3ms)
			BeforeProcessingInitializeOnLoad (34ms)
			ProcessInitializeOnLoadAttributes (348ms)
			ProcessInitializeOnLoadMethodAttributes (27ms)
			AfterProcessingInitializeOnLoad (6ms)
			EditorAssembliesLoaded (0ms)
		ExecutionOrderSort2 (0ms)
		AwakeInstancesAfterBackupRestoration (6ms)
Launched and connected shader compiler UnityShaderCompiler.exe after 0.01 seconds
Refreshing native plugins compatible for Editor in 0.88 ms, found 3 plugins.
Preloading 0 native plugins for Editor in 0.00 ms.
Unloading 48 Unused Serialized files (Serialized files now loaded: 0)
Unloading 3326 unused Assets / (1.8 MB). Loaded Objects now: 3970.
Memory consumption went from 143.1 MB to 141.3 MB.
Total: 6.809600 ms (FindLiveObjects: 0.400100 ms CreateObjectMapping: 0.305600 ms MarkObjects: 4.836700 ms  DeleteObjects: 1.265600 ms)

========================================================================
Received Import Request.
  Time since last request: 2136.180600 seconds.
  path: Assets/Tree9/bark14.mat
  artifactKey: Guid(760ea8238d6219c42b2739f693d4c834) Importer(815301076,1909f56bfc062723c751e8b465ee728b)
Start importing Assets/Tree9/bark14.mat using Guid(760ea8238d6219c42b2739f693d4c834) Importer(815301076,1909f56bfc062723c751e8b465ee728b) (PreviewImporter) -> (artifact id: 'c5e7fe565b4aa1e850ae3073930ec0ee') in 0.3598903 seconds
Number of updated asset objects reloaded before import = 0Number of asset objects unloaded after import = 3

========================================================================
Received Import Request.
  Time since last request: 0.000030 seconds.
  path: Assets/Tree9/Leafs19.tga
  artifactKey: Guid(58552de7d543f6e4095feb3806e56f4f) Importer(815301076,1909f56bfc062723c751e8b465ee728b)
Start importing Assets/Tree9/Leafs19.tga using Guid(58552de7d543f6e4095feb3806e56f4f) Importer(815301076,1909f56bfc062723c751e8b465ee728b) (PreviewImporter) -> (artifact id: '4d87877fe903b8b333beef1da6606ba1') in 0.0331458 seconds
Number of updated asset objects reloaded before import = 0Number of asset objects unloaded after import = 2

========================================================================
Received Import Request.
  Time since last request: 9.992635 seconds.
  path: Assets/Orkassasin/Texture/1_Albedo.tga
  artifactKey: Guid(0eec0b73127f48540a3f4440b05504d6) Importer(815301076,1909f56bfc062723c751e8b465ee728b)
Start importing Assets/Orkassasin/Texture/1_Albedo.tga using Guid(0eec0b73127f48540a3f4440b05504d6) Importer(815301076,1909f56bfc062723c751e8b465ee728b) (PreviewImporter) -> (artifact id: 'c7e551cf2216cebcdb7e1889d1410cdc') in 0.0203176 seconds
Number of updated asset objects reloaded before import = 0Number of asset objects unloaded after import = 2

========================================================================
Received Import Request.
  Time since last request: 0.001469 seconds.
  path: Assets/Orkassasin/Texture/1_Body_Metallic.tga
  artifactKey: Guid(b5ab2d40d702c9c42937887bc7d2b3d9) Importer(815301076,1909f56bfc062723c751e8b465ee728b)
Start importing Assets/Orkassasin/Texture/1_Body_Metallic.tga using Guid(b5ab2d40d702c9c42937887bc7d2b3d9) Importer(815301076,1909f56bfc062723c751e8b465ee728b) (PreviewImporter) -> (artifact id: 'a4cc4872ea47aec57f5203277848d756') in 0.0481162 seconds
Number of updated asset objects reloaded before import = 0Number of asset objects unloaded after import = 2

========================================================================
Received Import Request.
  Time since last request: 0.000042 seconds.
  path: Assets/Orkassasin/Texture/1_hands_Albedo.tga
  artifactKey: Guid(bf619203a9ecd5a40906e34d594ba3bb) Importer(815301076,1909f56bfc062723c751e8b465ee728b)
Start importing Assets/Orkassasin/Texture/1_hands_Albedo.tga using Guid(bf619203a9ecd5a40906e34d594ba3bb) Importer(815301076,1909f56bfc062723c751e8b465ee728b) (PreviewImporter) -> (artifact id: '025f70a9b81e502b38132bc2c95ce0a5') in 0.0181269 seconds
Number of updated asset objects reloaded before import = 0Number of asset objects unloaded after import = 2

========================================================================
Received Import Request.
  Time since last request: 0.000040 seconds.
  path: Assets/Orkassasin/Texture/1_Leggs_Albedo.tga
  artifactKey: Guid(fc360aad98a3a5a428191be207a9b0e5) Importer(815301076,1909f56bfc062723c751e8b465ee728b)
Start importing Assets/Orkassasin/Texture/1_Leggs_Albedo.tga using Guid(fc360aad98a3a5a428191be207a9b0e5) Importer(815301076,1909f56bfc062723c751e8b465ee728b) (PreviewImporter) -> (artifact id: '060c35b7b6fe536c706aa87602da108f') in 0.0180588 seconds
Number of updated asset objects reloaded before import = 0Number of asset objects unloaded after import = 2

========================================================================
Received Import Request.
  Time since last request: 0.000056 seconds.
  path: Assets/Orkassasin/Texture/1_Head_Albedo.tga
  artifactKey: Guid(430b192591915394d9afb3441c345bec) Importer(815301076,1909f56bfc062723c751e8b465ee728b)
Start importing Assets/Orkassasin/Texture/1_Head_Albedo.tga using Guid(430b192591915394d9afb3441c345bec) Importer(815301076,1909f56bfc062723c751e8b465ee728b) (PreviewImporter) -> (artifact id: '3cdf59a2836fe1a6f8d14a1fa41f1089') in 0.0215281 seconds
Number of updated asset objects reloaded before import = 0Number of asset objects unloaded after import = 2

========================================================================
Received Import Request.
  Time since last request: 5.156371 seconds.
  path: Assets/Orkassasin/Animation/orkassasin@atack8.fbx
  artifactKey: Guid(bc8c5404c00f19a4a883b859216a0bb1) Importer(815301076,1909f56bfc062723c751e8b465ee728b)
Start importing Assets/Orkassasin/Animation/orkassasin@atack8.fbx using Guid(bc8c5404c00f19a4a883b859216a0bb1) Importer(815301076,1909f56bfc062723c751e8b465ee728b) (PreviewImporter) -> (artifact id: 'fd5c56f737a9f748a64d0ac5f96b5242') in 0.2302343 seconds
Number of updated asset objects reloaded before import = 0Number of asset objects unloaded after import = 487

========================================================================
Received Import Request.
  Time since last request: 0.000031 seconds.
  path: Assets/Orkassasin/Animation/orkassasin@atack15.fbx
  artifactKey: Guid(9b4eeb3a1d5f852479c6fbeaedb89a1d) Importer(815301076,1909f56bfc062723c751e8b465ee728b)
Start importing Assets/Orkassasin/Animation/orkassasin@atack15.fbx using Guid(9b4eeb3a1d5f852479c6fbeaedb89a1d) Importer(815301076,1909f56bfc062723c751e8b465ee728b) (PreviewImporter) -> (artifact id: 'd947560646645b7a2244fcb51bdb161d') in 0.1225528 seconds
Number of updated asset objects reloaded before import = 0Number of asset objects unloaded after import = 483

========================================================================
Received Import Request.
  Time since last request: 0.000039 seconds.
  path: Assets/Orkassasin/Animation/orkassasin@death2.fbx
  artifactKey: Guid(5a58f362544dbca43bfa8ad9b86d2d75) Importer(815301076,1909f56bfc062723c751e8b465ee728b)
Start importing Assets/Orkassasin/Animation/orkassasin@death2.fbx using Guid(5a58f362544dbca43bfa8ad9b86d2d75) Importer(815301076,1909f56bfc062723c751e8b465ee728b) (PreviewImporter) -> (artifact id: 'f41cd3384c7f587ef701b9856df06a15') in 0.157762 seconds
Number of updated asset objects reloaded before import = 0Number of asset objects unloaded after import = 487

========================================================================
Received Import Request.
  Time since last request: 0.000039 seconds.
  path: Assets/Orkassasin/Animation/orkassasin@atack10.fbx
  artifactKey: Guid(ba1df4885bba0f54584ee909d9685ca7) Importer(815301076,1909f56bfc062723c751e8b465ee728b)
Start importing Assets/Orkassasin/Animation/orkassasin@atack10.fbx using Guid(ba1df4885bba0f54584ee909d9685ca7) Importer(815301076,1909f56bfc062723c751e8b465ee728b) (PreviewImporter) -> (artifact id: '45b264b7db8a23ddf04ee5b2b729ba39') in 0.1541112 seconds
Number of updated asset objects reloaded before import = 0Number of asset objects unloaded after import = 487

========================================================================
Received Import Request.
  Time since last request: 0.000030 seconds.
  path: Assets/Orkassasin/Animation/orkassasin@walk.fbx
  artifactKey: Guid(68eb449676e288c42b50cc241009424d) Importer(815301076,1909f56bfc062723c751e8b465ee728b)
Start importing Assets/Orkassasin/Animation/orkassasin@walk.fbx using Guid(68eb449676e288c42b50cc241009424d) Importer(815301076,1909f56bfc062723c751e8b465ee728b) (PreviewImporter) -> (artifact id: '1c7e07a5b77453d772aa60f5eaa72895') in 0.1747005 seconds
Number of updated asset objects reloaded before import = 0Number of asset objects unloaded after import = 487

========================================================================
Received Import Request.
  Time since last request: 0.000056 seconds.
  path: Assets/Orkassasin/Animation/orkassasin@walkshield.fbx
  artifactKey: Guid(2c4d5d20d884a154981729246cc82d5a) Importer(815301076,1909f56bfc062723c751e8b465ee728b)
Start importing Assets/Orkassasin/Animation/orkassasin@walkshield.fbx using Guid(2c4d5d20d884a154981729246cc82d5a) Importer(815301076,1909f56bfc062723c751e8b465ee728b) (PreviewImporter) -> (artifact id: 'c5a111bd695ef27da49040d042e95ce7') in 0.1723264 seconds
Number of updated asset objects reloaded before import = 0Number of asset objects unloaded after import = 487

========================================================================
Received Import Request.
  Time since last request: 0.000044 seconds.
  path: Assets/Orkassasin/Animation/orkassasin@atack21.fbx
  artifactKey: Guid(21516f01e521ce344924d1927e67afe6) Importer(815301076,1909f56bfc062723c751e8b465ee728b)
Start importing Assets/Orkassasin/Animation/orkassasin@atack21.fbx using Guid(21516f01e521ce344924d1927e67afe6) Importer(815301076,1909f56bfc062723c751e8b465ee728b) (PreviewImporter) -> (artifact id: '94efe6a439dfb198d78b83529f817d02') in 0.1694548 seconds
Number of updated asset objects reloaded before import = 0Number of asset objects unloaded after import = 487

========================================================================
Received Import Request.
  Time since last request: 0.000045 seconds.
  path: Assets/Orkassasin/Animation/orkassasin@atack16.fbx
  artifactKey: Guid(1d939980e096e07439e10bc38a6f32cb) Importer(815301076,1909f56bfc062723c751e8b465ee728b)
Start importing Assets/Orkassasin/Animation/orkassasin@atack16.fbx using Guid(1d939980e096e07439e10bc38a6f32cb) Importer(815301076,1909f56bfc062723c751e8b465ee728b) (PreviewImporter) -> (artifact id: 'eb41b9720242d1a783d5e0f9a49e7b08') in 0.1507053 seconds
Number of updated asset objects reloaded before import = 0Number of asset objects unloaded after import = 487

========================================================================
Received Import Request.
  Time since last request: 0.000066 seconds.
  path: Assets/Orkassasin/Animation/orkassasin@sneakwalk (2).fbx
  artifactKey: Guid(005a66f5b6a29b84c80a9a38a8d514b0) Importer(815301076,1909f56bfc062723c751e8b465ee728b)
Start importing Assets/Orkassasin/Animation/orkassasin@sneakwalk (2).fbx using Guid(005a66f5b6a29b84c80a9a38a8d514b0) Importer(815301076,1909f56bfc062723c751e8b465ee728b) (PreviewImporter) -> (artifact id: '275365e7aa4dd5703dd5d92b80dc2f5e') in 0.1470726 seconds
Number of updated asset objects reloaded before import = 0Number of asset objects unloaded after import = 487

========================================================================
Received Import Request.
  Time since last request: 0.000024 seconds.
  path: Assets/Orkassasin/Animation/orkassasin@run3.fbx
  artifactKey: Guid(03c19d511c373ff439e977e74680caa5) Importer(815301076,1909f56bfc062723c751e8b465ee728b)
Start importing Assets/Orkassasin/Animation/orkassasin@run3.fbx using Guid(03c19d511c373ff439e977e74680caa5) Importer(815301076,1909f56bfc062723c751e8b465ee728b) (PreviewImporter) -> (artifact id: 'c0c6e2cb7c44587168f0c6a3a1d78681') in 0.1437507 seconds
Number of updated asset objects reloaded before import = 0Number of asset objects unloaded after import = 487

========================================================================
Received Import Request.
  Time since last request: 0.000041 seconds.
  path: Assets/Orkassasin/Animation/orkassasin@atack18.fbx
  artifactKey: Guid(30fa208a4f62ddf468de21452a5297d2) Importer(815301076,1909f56bfc062723c751e8b465ee728b)
Start importing Assets/Orkassasin/Animation/orkassasin@atack18.fbx using Guid(30fa208a4f62ddf468de21452a5297d2) Importer(815301076,1909f56bfc062723c751e8b465ee728b) (PreviewImporter) -> (artifact id: '1bbe69ba8cffc3abce429b428dfeaf5b') in 0.1445288 seconds
Number of updated asset objects reloaded before import = 0Number of asset objects unloaded after import = 487

========================================================================
Received Import Request.
  Time since last request: 0.000046 seconds.
  path: Assets/Orkassasin/Animation/orkassasin@straferight.fbx
  artifactKey: Guid(53f70940ed36f1b4a9832b8e924bf2b7) Importer(815301076,1909f56bfc062723c751e8b465ee728b)
Start importing Assets/Orkassasin/Animation/orkassasin@straferight.fbx using Guid(53f70940ed36f1b4a9832b8e924bf2b7) Importer(815301076,1909f56bfc062723c751e8b465ee728b) (PreviewImporter) -> (artifact id: '1620f1632669b9bd605e71f55d8b96aa') in 0.1472676 seconds
Number of updated asset objects reloaded before import = 0Number of asset objects unloaded after import = 487

========================================================================
Received Import Request.
  Time since last request: 0.000023 seconds.
  path: Assets/Orkassasin/Animation/orkassasin@atack3.fbx
  artifactKey: Guid(43ee1be1a2e0ce74c8393489dccbc926) Importer(815301076,1909f56bfc062723c751e8b465ee728b)
Start importing Assets/Orkassasin/Animation/orkassasin@atack3.fbx using Guid(43ee1be1a2e0ce74c8393489dccbc926) Importer(815301076,1909f56bfc062723c751e8b465ee728b) (PreviewImporter) -> (artifact id: '726d1946892130cd47c9a26611116261') in 0.1499582 seconds
Number of updated asset objects reloaded before import = 0Number of asset objects unloaded after import = 487

========================================================================
Received Import Request.
  Time since last request: 0.000025 seconds.
  path: Assets/Orkassasin/Animation/orkassasin@sneakwalk.fbx
  artifactKey: Guid(69ebecd7c3c9470499a2a48cdbd0e5ba) Importer(815301076,1909f56bfc062723c751e8b465ee728b)
Start importing Assets/Orkassasin/Animation/orkassasin@sneakwalk.fbx using Guid(69ebecd7c3c9470499a2a48cdbd0e5ba) Importer(815301076,1909f56bfc062723c751e8b465ee728b) (PreviewImporter) -> (artifact id: 'e8b4aeba3252c71f25f54c46a07ab247') in 0.143758 seconds
Number of updated asset objects reloaded before import = 0Number of asset objects unloaded after import = 487

========================================================================
Received Import Request.
  Time since last request: 0.000048 seconds.
  path: Assets/Orkassasin/Animation/orkassasin@idle4.fbx
  artifactKey: Guid(3cf0999ef3792a94ca6cc8b22e1cc75c) Importer(815301076,1909f56bfc062723c751e8b465ee728b)
Start importing Assets/Orkassasin/Animation/orkassasin@idle4.fbx using Guid(3cf0999ef3792a94ca6cc8b22e1cc75c) Importer(815301076,1909f56bfc062723c751e8b465ee728b) (PreviewImporter) -> (artifact id: '1aa345cf7a80c7d591280afb9f3356cc') in 0.140748 seconds
Number of updated asset objects reloaded before import = 0Number of asset objects unloaded after import = 487

========================================================================
Received Import Request.
  Time since last request: 0.000035 seconds.
  path: Assets/Orkassasin/Animation/orkassasin@atack11.fbx
  artifactKey: Guid(d5d1e742cff438a41a114aa7f87deb08) Importer(815301076,1909f56bfc062723c751e8b465ee728b)
Start importing Assets/Orkassasin/Animation/orkassasin@atack11.fbx using Guid(d5d1e742cff438a41a114aa7f87deb08) Importer(815301076,1909f56bfc062723c751e8b465ee728b) (PreviewImporter) -> (artifact id: '2ece8acae62701ec9a9711df3a44a758') in 0.1465004 seconds
Number of updated asset objects reloaded before import = 0Number of asset objects unloaded after import = 487

========================================================================
Received Import Request.
  Time since last request: 0.000039 seconds.
  path: Assets/Orkassasin/Animation/orkassasin@atack24.fbx
  artifactKey: Guid(20014dc616e792c41890cc519fc5d2fa) Importer(815301076,1909f56bfc062723c751e8b465ee728b)
Start importing Assets/Orkassasin/Animation/orkassasin@atack24.fbx using Guid(20014dc616e792c41890cc519fc5d2fa) Importer(815301076,1909f56bfc062723c751e8b465ee728b) (PreviewImporter) -> (artifact id: 'b19be0c690746278ee05c9802005466c') in 0.1468105 seconds
Number of updated asset objects reloaded before import = 0Number of asset objects unloaded after import = 487

========================================================================
Received Import Request.
  Time since last request: 1.468940 seconds.
  path: Assets/CaptainCatSparrow/ArmorAndJewelry/Icons/Belts/Belt_1.png
  artifactKey: Guid(a9a73d5e0b4dfb5458b645ccb6382299) Importer(815301076,1909f56bfc062723c751e8b465ee728b)
Start importing Assets/CaptainCatSparrow/ArmorAndJewelry/Icons/Belts/Belt_1.png using Guid(a9a73d5e0b4dfb5458b645ccb6382299) Importer(815301076,1909f56bfc062723c751e8b465ee728b) (PreviewImporter) -> (artifact id: '7c2827c324c34069c9176f980bbf301d') in 0.0287428 seconds
Number of updated asset objects reloaded before import = 0Number of asset objects unloaded after import = 3

========================================================================
Received Import Request.
  Time since last request: 0.000019 seconds.
  path: Assets/CaptainCatSparrow/ArmorAndJewelry/Icons/Belts/Belt_3.png
  artifactKey: Guid(c35dcbf36f80e6e42a59207e19f9d018) Importer(815301076,1909f56bfc062723c751e8b465ee728b)
Start importing Assets/CaptainCatSparrow/ArmorAndJewelry/Icons/Belts/Belt_3.png using Guid(c35dcbf36f80e6e42a59207e19f9d018) Importer(815301076,1909f56bfc062723c751e8b465ee728b) (PreviewImporter) -> (artifact id: '6a9c0cf2a3525815ea504bfc971fb3e6') in 0.0263792 seconds
Number of updated asset objects reloaded before import = 0Number of asset objects unloaded after import = 3

========================================================================
Received Import Request.
  Time since last request: 0.050401 seconds.
  path: Assets/CaptainCatSparrow/ArmorAndJewelry/Icons/Belts/Belt_5.png
  artifactKey: Guid(7855043dc41e7f3428772d39d2174654) Importer(815301076,1909f56bfc062723c751e8b465ee728b)
Start importing Assets/CaptainCatSparrow/ArmorAndJewelry/Icons/Belts/Belt_5.png using Guid(7855043dc41e7f3428772d39d2174654) Importer(815301076,1909f56bfc062723c751e8b465ee728b) (PreviewImporter) -> (artifact id: '443f71378d6f62b02263c9c7dd0079d1') in 0.0251115 seconds
Number of updated asset objects reloaded before import = 0Number of asset objects unloaded after import = 3

========================================================================
Received Import Request.
  Time since last request: 0.000023 seconds.
  path: Assets/CaptainCatSparrow/ArmorAndJewelry/Icons/Belts/Belt_7.png
  artifactKey: Guid(9aaeab259ac13ad408630bf32f00794b) Importer(815301076,1909f56bfc062723c751e8b465ee728b)
Start importing Assets/CaptainCatSparrow/ArmorAndJewelry/Icons/Belts/Belt_7.png using Guid(9aaeab259ac13ad408630bf32f00794b) Importer(815301076,1909f56bfc062723c751e8b465ee728b) (PreviewImporter) -> (artifact id: 'cd469147b70fa2fb7e18e0bc901d071b') in 0.0206029 seconds
Number of updated asset objects reloaded before import = 0Number of asset objects unloaded after import = 3

========================================================================
Received Import Request.
  Time since last request: 0.000038 seconds.
  path: Assets/CaptainCatSparrow/ArmorAndJewelry/Icons/Belts/Belt_9.png
  artifactKey: Guid(7c802a6acbe4f244eaa13a3d6f0932f9) Importer(815301076,1909f56bfc062723c751e8b465ee728b)
Start importing Assets/CaptainCatSparrow/ArmorAndJewelry/Icons/Belts/Belt_9.png using Guid(7c802a6acbe4f244eaa13a3d6f0932f9) Importer(815301076,1909f56bfc062723c751e8b465ee728b) (PreviewImporter) -> (artifact id: '012719481767b041758f267ad7a98cf7') in 0.0275361 seconds
Number of updated asset objects reloaded before import = 0Number of asset objects unloaded after import = 3

========================================================================
Received Import Request.
  Time since last request: 0.000048 seconds.
  path: Assets/Blink/Art/Characters/Stylized/Humans/Armors_Humans/Meshes_ArmorsHumans/StarterArmor_HumanMale.fbx
  artifactKey: Guid(55295a45c3d658c44b42c8e67983b8db) Importer(815301076,1909f56bfc062723c751e8b465ee728b)
Start importing Assets/Blink/Art/Characters/Stylized/Humans/Armors_Humans/Meshes_ArmorsHumans/StarterArmor_HumanMale.fbx using Guid(55295a45c3d658c44b42c8e67983b8db) Importer(815301076,1909f56bfc062723c751e8b465ee728b) (PreviewImporter) -> (artifact id: '7d6e718b24f7b129fadf8c9e5c42530d') in 0.0797595 seconds
Number of updated asset objects reloaded before import = 0Number of asset objects unloaded after import = 209

========================================================================
Received Import Request.
  Time since last request: 16.245860 seconds.
  path: Assets/CaptainCatSparrow/ArmorAndJewelry
  artifactKey: Guid(9c14ecf323c370642820af8c8a54678a) Importer(815301076,1909f56bfc062723c751e8b465ee728b)
Start importing Assets/CaptainCatSparrow/ArmorAndJewelry using Guid(9c14ecf323c370642820af8c8a54678a) Importer(815301076,1909f56bfc062723c751e8b465ee728b) (PreviewImporter) -> (artifact id: '846b48403b1ee082704185ab569e31cf') in 0.000883 seconds
Number of updated asset objects reloaded before import = 0Number of asset objects unloaded after import = 0

========================================================================
Received Import Request.
  Time since last request: 1.297316 seconds.
  path: Assets/CaptainCatSparrow/ArmorAndJewelry/Icons
  artifactKey: Guid(9e76b7eb3e95bba4a8c488f52f78f669) Importer(815301076,1909f56bfc062723c751e8b465ee728b)
Start importing Assets/CaptainCatSparrow/ArmorAndJewelry/Icons using Guid(9e76b7eb3e95bba4a8c488f52f78f669) Importer(815301076,1909f56bfc062723c751e8b465ee728b) (PreviewImporter) -> (artifact id: 'f7cd0c7458070027eda253c15a024419') in 0.0006449 seconds
Number of updated asset objects reloaded before import = 0Number of asset objects unloaded after import = 0

========================================================================
Received Import Request.
  Time since last request: 27.544108 seconds.
  path: Assets/CaptainCatSparrow/ArmorAndJewelry/Icons/Belts
  artifactKey: Guid(26fbeba6c77f10e4babd923e8c2bb88d) Importer(815301076,1909f56bfc062723c751e8b465ee728b)
Start importing Assets/CaptainCatSparrow/ArmorAndJewelry/Icons/Belts using Guid(26fbeba6c77f10e4babd923e8c2bb88d) Importer(815301076,1909f56bfc062723c751e8b465ee728b) (PreviewImporter) -> (artifact id: 'c7cdfd54338b541b5ff3725fc9b6aa1b') in 0.0008381 seconds
Number of updated asset objects reloaded before import = 0Number of asset objects unloaded after import = 0

========================================================================
Received Import Request.
  Time since last request: 65.453223 seconds.
  path: Assets/Prefabs
  artifactKey: Guid(b0c9a8154b3bff74aba8892652c55536) Importer(815301076,1909f56bfc062723c751e8b465ee728b)
Start importing Assets/Prefabs using Guid(b0c9a8154b3bff74aba8892652c55536) Importer(815301076,1909f56bfc062723c751e8b465ee728b) (PreviewImporter) -> (artifact id: '6141f761a1abad7a37fb7af8bf8e416a') in 0.0007276 seconds
Number of updated asset objects reloaded before import = 0Number of asset objects unloaded after import = 0

========================================================================
Received Import Request.
  Time since last request: 25.465554 seconds.
  path: Assets/Resources
  artifactKey: Guid(3f7004c73e1f2d746be084e95544014a) Importer(815301076,1909f56bfc062723c751e8b465ee728b)
Start importing Assets/Resources using Guid(3f7004c73e1f2d746be084e95544014a) Importer(815301076,1909f56bfc062723c751e8b465ee728b) (PreviewImporter) -> (artifact id: '2924942e43621ab43617deb804c1cc2f') in 0.0006778 seconds
Number of updated asset objects reloaded before import = 0Number of asset objects unloaded after import = 0

========================================================================
Received Import Request.
  Time since last request: 20.168312 seconds.
  path: Assets/Resources/ShopSprites
  artifactKey: Guid(98ad07bf8a9502940bbcacee598879c0) Importer(815301076,1909f56bfc062723c751e8b465ee728b)
Start importing Assets/Resources/ShopSprites using Guid(98ad07bf8a9502940bbcacee598879c0) Importer(815301076,1909f56bfc062723c751e8b465ee728b) (PreviewImporter) -> (artifact id: '31e4b7683a2abca4d9136e4bca6f52e4') in 0.0006493 seconds
Number of updated asset objects reloaded before import = 0Number of asset objects unloaded after import = 0

========================================================================
Received Import Request.
  Time since last request: 46.179644 seconds.
  path: Assets/Resources/ShopSprites/Icons/Rings
  artifactKey: Guid(3e1a59a618f0c894192f8d4c6b68de26) Importer(815301076,1909f56bfc062723c751e8b465ee728b)
Start importing Assets/Resources/ShopSprites/Icons/Rings using Guid(3e1a59a618f0c894192f8d4c6b68de26) Importer(815301076,1909f56bfc062723c751e8b465ee728b) (PreviewImporter) -> (artifact id: '5474aa1ef9bab9315b534d2f7ec8fddc') in 0.0006485 seconds
Number of updated asset objects reloaded before import = 0Number of asset objects unloaded after import = 0

========================================================================
Received Import Request.
  Time since last request: 0.075318 seconds.
  path: Assets/Resources/ShopSprites/Icons/Rings/Ring_1.png
  artifactKey: Guid(161d4730f36de6b42ad214d0d33e423d) Importer(815301076,1909f56bfc062723c751e8b465ee728b)
Start importing Assets/Resources/ShopSprites/Icons/Rings/Ring_1.png using Guid(161d4730f36de6b42ad214d0d33e423d) Importer(815301076,1909f56bfc062723c751e8b465ee728b) (PreviewImporter) -> (artifact id: 'cfb01d124d6d3123589347ed2b2780e5') in 0.0226713 seconds
Number of updated asset objects reloaded before import = 0Number of asset objects unloaded after import = 3

========================================================================
Received Import Request.
  Time since last request: 0.000111 seconds.
  path: Assets/Resources/ShopSprites/Icons/Rings/Ring_3.png
  artifactKey: Guid(85023bf699c56124d81e7cfead621430) Importer(815301076,1909f56bfc062723c751e8b465ee728b)
Start importing Assets/Resources/ShopSprites/Icons/Rings/Ring_3.png using Guid(85023bf699c56124d81e7cfead621430) Importer(815301076,1909f56bfc062723c751e8b465ee728b) (PreviewImporter) -> (artifact id: '4102f4eae7675a6dc27bf74562517ba0') in 0.0189957 seconds
Number of updated asset objects reloaded before import = 0Number of asset objects unloaded after import = 3

========================================================================
Received Import Request.
  Time since last request: 0.007080 seconds.
  path: Assets/Resources/ShopSprites/Icons/Rings/Ring_6.png
  artifactKey: Guid(fb256c4c59055e74a9468c6644696453) Importer(815301076,1909f56bfc062723c751e8b465ee728b)
Start importing Assets/Resources/ShopSprites/Icons/Rings/Ring_6.png using Guid(fb256c4c59055e74a9468c6644696453) Importer(815301076,1909f56bfc062723c751e8b465ee728b) (PreviewImporter) -> (artifact id: '9772f18b329572d2f189938ab38ead64') in 0.0293604 seconds
Number of updated asset objects reloaded before import = 0Number of asset objects unloaded after import = 3

========================================================================
Received Import Request.
  Time since last request: 0.000030 seconds.
  path: Assets/Resources/ShopSprites/Icons/Rings/Ring_7.png
  artifactKey: Guid(f7781d470d15f244ea5f6e2fe0666371) Importer(815301076,1909f56bfc062723c751e8b465ee728b)
Start importing Assets/Resources/ShopSprites/Icons/Rings/Ring_7.png using Guid(f7781d470d15f244ea5f6e2fe0666371) Importer(815301076,1909f56bfc062723c751e8b465ee728b) (PreviewImporter) -> (artifact id: 'e7b76b826c738ec85f3495c64226affd') in 0.0219529 seconds
Number of updated asset objects reloaded before import = 0Number of asset objects unloaded after import = 3

========================================================================
Received Import Request.
  Time since last request: 0.000032 seconds.
  path: Assets/Resources/ShopSprites/Icons/Rings/Ring_10.png
  artifactKey: Guid(dc1846ef57c4e5247a2cd5e71a39cdea) Importer(815301076,1909f56bfc062723c751e8b465ee728b)
Start importing Assets/Resources/ShopSprites/Icons/Rings/Ring_10.png using Guid(dc1846ef57c4e5247a2cd5e71a39cdea) Importer(815301076,1909f56bfc062723c751e8b465ee728b) (PreviewImporter) -> (artifact id: '356c0c9402b9ad3face2831cae74cf10') in 0.0334087 seconds
Number of updated asset objects reloaded before import = 0Number of asset objects unloaded after import = 3

========================================================================
Received Import Request.
  Time since last request: 0.000056 seconds.
  path: Assets/Resources/ShopSprites/Icons/Rings/Ring_9.png
  artifactKey: Guid(1f5a5d8e5a8b94c4f9cb55fbe39fd4c8) Importer(815301076,1909f56bfc062723c751e8b465ee728b)
Start importing Assets/Resources/ShopSprites/Icons/Rings/Ring_9.png using Guid(1f5a5d8e5a8b94c4f9cb55fbe39fd4c8) Importer(815301076,1909f56bfc062723c751e8b465ee728b) (PreviewImporter) -> (artifact id: '8e12758a9cef28e1830e7d6c803386ee') in 0.0322305 seconds
Number of updated asset objects reloaded before import = 0Number of asset objects unloaded after import = 3

========================================================================
Received Import Request.
  Time since last request: 40.131373 seconds.
  path: Assets/Resources/ShopSprites/Icons/Earrings
  artifactKey: Guid(211fa96be8a7b294c9266a291dc38b83) Importer(815301076,1909f56bfc062723c751e8b465ee728b)
Start importing Assets/Resources/ShopSprites/Icons/Earrings using Guid(211fa96be8a7b294c9266a291dc38b83) Importer(815301076,1909f56bfc062723c751e8b465ee728b) (PreviewImporter) -> (artifact id: '698a94ffbad0b16e3ca7cd0fa06d656f') in 0.0007361 seconds
Number of updated asset objects reloaded before import = 0Number of asset objects unloaded after import = 0

========================================================================
Received Import Request.
  Time since last request: 2.239079 seconds.
  path: Assets/Resources/ShopSprites/Icons/Earrings/Earrings_1.png
  artifactKey: Guid(00fa3cb7ab43a874b8a552ba7bc29aed) Importer(815301076,1909f56bfc062723c751e8b465ee728b)
Start importing Assets/Resources/ShopSprites/Icons/Earrings/Earrings_1.png using Guid(00fa3cb7ab43a874b8a552ba7bc29aed) Importer(815301076,1909f56bfc062723c751e8b465ee728b) (PreviewImporter) -> (artifact id: '83ea409e5fafa79749b9479c571cde05') in 0.0161217 seconds
Number of updated asset objects reloaded before import = 0Number of asset objects unloaded after import = 3

========================================================================
Received Import Request.
  Time since last request: 0.005140 seconds.
  path: Assets/Resources/ShopSprites/Icons/Earrings/Earrings_4.png
  artifactKey: Guid(5e04ba78c5eeb8642bd112882bd02539) Importer(815301076,1909f56bfc062723c751e8b465ee728b)
Start importing Assets/Resources/ShopSprites/Icons/Earrings/Earrings_4.png using Guid(5e04ba78c5eeb8642bd112882bd02539) Importer(815301076,1909f56bfc062723c751e8b465ee728b) (PreviewImporter) -> (artifact id: 'f82762a3658fe84c88f20c26e0ce3657') in 0.018485 seconds
Number of updated asset objects reloaded before import = 0Number of asset objects unloaded after import = 3

========================================================================
Received Import Request.
  Time since last request: 0.000024 seconds.
  path: Assets/Resources/ShopSprites/Icons/Earrings/Earrings_6.png
  artifactKey: Guid(08f12c3bf813f9f40b8d1da3bb08383c) Importer(815301076,1909f56bfc062723c751e8b465ee728b)
Start importing Assets/Resources/ShopSprites/Icons/Earrings/Earrings_6.png using Guid(08f12c3bf813f9f40b8d1da3bb08383c) Importer(815301076,1909f56bfc062723c751e8b465ee728b) (PreviewImporter) -> (artifact id: '1e419df1a00a1d4c3bbebdd6b7a40ce2') in 0.0177689 seconds
Number of updated asset objects reloaded before import = 0Number of asset objects unloaded after import = 3

========================================================================
Received Import Request.
  Time since last request: 0.000022 seconds.
  path: Assets/Resources/ShopSprites/Icons/Earrings/Earrings_8.png
  artifactKey: Guid(fa35cc566434ceb4da3043274a6e048c) Importer(815301076,1909f56bfc062723c751e8b465ee728b)
Start importing Assets/Resources/ShopSprites/Icons/Earrings/Earrings_8.png using Guid(fa35cc566434ceb4da3043274a6e048c) Importer(815301076,1909f56bfc062723c751e8b465ee728b) (PreviewImporter) -> (artifact id: 'd9e3e4eecf856e1fdb38949d3b95aa86') in 0.027765 seconds
Number of updated asset objects reloaded before import = 0Number of asset objects unloaded after import = 3

========================================================================
Received Import Request.
  Time since last request: 0.000063 seconds.
  path: Assets/Resources/ShopSprites/Icons/Earrings/Earrings_9.png
  artifactKey: Guid(dbf4e2e6d2f4c5442acadf65e7917df5) Importer(815301076,1909f56bfc062723c751e8b465ee728b)
Start importing Assets/Resources/ShopSprites/Icons/Earrings/Earrings_9.png using Guid(dbf4e2e6d2f4c5442acadf65e7917df5) Importer(815301076,1909f56bfc062723c751e8b465ee728b) (PreviewImporter) -> (artifact id: 'c4ed075f5b108cb56ae70773ab58d397') in 0.0347882 seconds
Number of updated asset objects reloaded before import = 0Number of asset objects unloaded after import = 3

========================================================================
Received Import Request.
  Time since last request: 31.264559 seconds.
  path: Assets/Resources/ShopSprites/Icons/Belt
  artifactKey: Guid(26fbeba6c77f10e4babd923e8c2bb88d) Importer(815301076,1909f56bfc062723c751e8b465ee728b)
Start importing Assets/Resources/ShopSprites/Icons/Belt using Guid(26fbeba6c77f10e4babd923e8c2bb88d) Importer(815301076,1909f56bfc062723c751e8b465ee728b) (PreviewImporter) -> (artifact id: '58fa5065d06378df2da3371349eafcbc') in 0.000653 seconds
Number of updated asset objects reloaded before import = 0Number of asset objects unloaded after import = 0

========================================================================
Received Import Request.
  Time since last request: 1.857077 seconds.
  path: Assets/Resources/ShopSprites/Icons/Boots
  artifactKey: Guid(41ed22c9afd075449b0f8683e92b3bba) Importer(815301076,1909f56bfc062723c751e8b465ee728b)
Start importing Assets/Resources/ShopSprites/Icons/Boots using Guid(41ed22c9afd075449b0f8683e92b3bba) Importer(815301076,1909f56bfc062723c751e8b465ee728b) (PreviewImporter) -> (artifact id: 'd03192a5e7d5c6d985ddec95d4527150') in 0.0006744 seconds
Number of updated asset objects reloaded before import = 0Number of asset objects unloaded after import = 0

========================================================================
Received Import Request.
  Time since last request: 3.494345 seconds.
  path: Assets/Resources/ShopSprites/Icons/Boots/Boots_1.png
  artifactKey: Guid(f8bac558190ebf54a99e3764c03249dc) Importer(815301076,1909f56bfc062723c751e8b465ee728b)
Start importing Assets/Resources/ShopSprites/Icons/Boots/Boots_1.png using Guid(f8bac558190ebf54a99e3764c03249dc) Importer(815301076,1909f56bfc062723c751e8b465ee728b) (PreviewImporter) -> (artifact id: '43d52e91f8076cccea1b4d30195acfb5') in 0.0189326 seconds
Number of updated asset objects reloaded before import = 0Number of asset objects unloaded after import = 3

========================================================================
Received Import Request.
  Time since last request: 0.004120 seconds.
  path: Assets/Resources/ShopSprites/Icons/Boots/Boots_4.png
  artifactKey: Guid(61ae31d84fbc12544952f6509ebcd7d9) Importer(815301076,1909f56bfc062723c751e8b465ee728b)
Start importing Assets/Resources/ShopSprites/Icons/Boots/Boots_4.png using Guid(61ae31d84fbc12544952f6509ebcd7d9) Importer(815301076,1909f56bfc062723c751e8b465ee728b) (PreviewImporter) -> (artifact id: '3b1f0f78f1adb110932ede3768c0f9d1') in 0.0176314 seconds
Number of updated asset objects reloaded before import = 0Number of asset objects unloaded after import = 3

========================================================================
Received Import Request.
  Time since last request: 0.003750 seconds.
  path: Assets/Resources/ShopSprites/Icons/Boots/Boots_7.png
  artifactKey: Guid(9da8a3ddb1c46d04f92eceb5b1d814db) Importer(815301076,1909f56bfc062723c751e8b465ee728b)
Start importing Assets/Resources/ShopSprites/Icons/Boots/Boots_7.png using Guid(9da8a3ddb1c46d04f92eceb5b1d814db) Importer(815301076,1909f56bfc062723c751e8b465ee728b) (PreviewImporter) -> (artifact id: '9713cd9adbbb04c45a362121a5dc9c15') in 0.0170743 seconds
Number of updated asset objects reloaded before import = 0Number of asset objects unloaded after import = 3

========================================================================
Received Import Request.
  Time since last request: 0.006023 seconds.
  path: Assets/Resources/ShopSprites/Icons/Boots/Boots_10.png
  artifactKey: Guid(49440cba7d094ad42ba19be3e4f0428c) Importer(815301076,1909f56bfc062723c751e8b465ee728b)
Start importing Assets/Resources/ShopSprites/Icons/Boots/Boots_10.png using Guid(49440cba7d094ad42ba19be3e4f0428c) Importer(815301076,1909f56bfc062723c751e8b465ee728b) (PreviewImporter) -> (artifact id: '7d6e38bb78fdbd8c1fd0391f81f6987a') in 0.0249655 seconds
Number of updated asset objects reloaded before import = 0Number of asset objects unloaded after import = 3

========================================================================
Received Import Request.
  Time since last request: 9.932891 seconds.
  path: Assets/Resources/ShopSprites/Icons/Bracers
  artifactKey: Guid(962ec1de80cdb344694dc560e26c4a61) Importer(815301076,1909f56bfc062723c751e8b465ee728b)
Start importing Assets/Resources/ShopSprites/Icons/Bracers using Guid(962ec1de80cdb344694dc560e26c4a61) Importer(815301076,1909f56bfc062723c751e8b465ee728b) (PreviewImporter) -> (artifact id: 'fd3eb546f6a159aa467ea4b87cdba829') in 0.000898 seconds
Number of updated asset objects reloaded before import = 0Number of asset objects unloaded after import = 0

========================================================================
Received Import Request.
  Time since last request: 0.054022 seconds.
  path: Assets/Resources/ShopSprites/Icons/Bracers/Bracers_1.png
  artifactKey: Guid(04183d213bcf2e64399062987dccd1ea) Importer(815301076,1909f56bfc062723c751e8b465ee728b)
Start importing Assets/Resources/ShopSprites/Icons/Bracers/Bracers_1.png using Guid(04183d213bcf2e64399062987dccd1ea) Importer(815301076,1909f56bfc062723c751e8b465ee728b) (PreviewImporter) -> (artifact id: '71aceef50ff7e0b9133d66cf6788de07') in 0.0232648 seconds
Number of updated asset objects reloaded before import = 0Number of asset objects unloaded after import = 3

========================================================================
Received Import Request.
  Time since last request: 0.000576 seconds.
  path: Assets/Resources/ShopSprites/Icons/Bracers/Bracers_4.png
  artifactKey: Guid(e25bdadfdd6d3ad42bdba3f3a8688e27) Importer(815301076,1909f56bfc062723c751e8b465ee728b)
Start importing Assets/Resources/ShopSprites/Icons/Bracers/Bracers_4.png using Guid(e25bdadfdd6d3ad42bdba3f3a8688e27) Importer(815301076,1909f56bfc062723c751e8b465ee728b) (PreviewImporter) -> (artifact id: '40fe760cd768196f80c31ca0278b4ead') in 0.0191909 seconds
Number of updated asset objects reloaded before import = 0Number of asset objects unloaded after import = 3

========================================================================
Received Import Request.
  Time since last request: 0.005842 seconds.
  path: Assets/Resources/ShopSprites/Icons/Bracers/Bracers_7.png
  artifactKey: Guid(01bdc5df4104da4419e2020164cb2c55) Importer(815301076,1909f56bfc062723c751e8b465ee728b)
Start importing Assets/Resources/ShopSprites/Icons/Bracers/Bracers_7.png using Guid(01bdc5df4104da4419e2020164cb2c55) Importer(815301076,1909f56bfc062723c751e8b465ee728b) (PreviewImporter) -> (artifact id: 'f11f2a5609c093404f0ae0fcc1808076') in 0.0201573 seconds
Number of updated asset objects reloaded before import = 0Number of asset objects unloaded after import = 3

========================================================================
Received Import Request.
  Time since last request: 0.005503 seconds.
  path: Assets/Resources/ShopSprites/Icons/Bracers/Bracers_10.png
  artifactKey: Guid(a0f10fff51886204d969ac64b4e84415) Importer(815301076,1909f56bfc062723c751e8b465ee728b)
Start importing Assets/Resources/ShopSprites/Icons/Bracers/Bracers_10.png using Guid(a0f10fff51886204d969ac64b4e84415) Importer(815301076,1909f56bfc062723c751e8b465ee728b) (PreviewImporter) -> (artifact id: '97cbf988e50de1bf54c0d321473be09e') in 0.0214247 seconds
Number of updated asset objects reloaded before import = 0Number of asset objects unloaded after import = 3

========================================================================
Received Import Request.
  Time since last request: 5.004010 seconds.
  path: Assets/Resources/ShopSprites/Icons/Gloves
  artifactKey: Guid(7270826c72a8422478dfee61657c79f2) Importer(815301076,1909f56bfc062723c751e8b465ee728b)
Start importing Assets/Resources/ShopSprites/Icons/Gloves using Guid(7270826c72a8422478dfee61657c79f2) Importer(815301076,1909f56bfc062723c751e8b465ee728b) (PreviewImporter) -> (artifact id: '3da20575cfd2c3627d6ef08db9679829') in 0.0010443 seconds
Number of updated asset objects reloaded before import = 0Number of asset objects unloaded after import = 0

========================================================================
Received Import Request.
  Time since last request: 0.102003 seconds.
  path: Assets/Resources/ShopSprites/Icons/Gloves/Gloves_1.png
  artifactKey: Guid(4bb85e9d81dd972438a5d43bf3dd0a87) Importer(815301076,1909f56bfc062723c751e8b465ee728b)
Start importing Assets/Resources/ShopSprites/Icons/Gloves/Gloves_1.png using Guid(4bb85e9d81dd972438a5d43bf3dd0a87) Importer(815301076,1909f56bfc062723c751e8b465ee728b) (PreviewImporter) -> (artifact id: 'c34a5acbb6d65061458593995563c888') in 0.0162433 seconds
Number of updated asset objects reloaded before import = 0Number of asset objects unloaded after import = 3

========================================================================
Received Import Request.
  Time since last request: 0.006056 seconds.
  path: Assets/Resources/ShopSprites/Icons/Gloves/Gloves_4.png
  artifactKey: Guid(4534d6bc204de2e499d251a94190c25d) Importer(815301076,1909f56bfc062723c751e8b465ee728b)
Start importing Assets/Resources/ShopSprites/Icons/Gloves/Gloves_4.png using Guid(4534d6bc204de2e499d251a94190c25d) Importer(815301076,1909f56bfc062723c751e8b465ee728b) (PreviewImporter) -> (artifact id: 'e538807d8d0ae356c63eb727649ad07e') in 0.0196096 seconds
Number of updated asset objects reloaded before import = 0Number of asset objects unloaded after import = 3

========================================================================
Received Import Request.
  Time since last request: 0.003838 seconds.
  path: Assets/Resources/ShopSprites/Icons/Gloves/Gloves_7.png
  artifactKey: Guid(f4db124be0e0b7b47a585b1df79edc52) Importer(815301076,1909f56bfc062723c751e8b465ee728b)
Start importing Assets/Resources/ShopSprites/Icons/Gloves/Gloves_7.png using Guid(f4db124be0e0b7b47a585b1df79edc52) Importer(815301076,1909f56bfc062723c751e8b465ee728b) (PreviewImporter) -> (artifact id: '0251b06310d19bb52462f783320fdcd2') in 0.0167828 seconds
Number of updated asset objects reloaded before import = 0Number of asset objects unloaded after import = 3

========================================================================
Received Import Request.
  Time since last request: 0.007219 seconds.
  path: Assets/Resources/ShopSprites/Icons/Gloves/Gloves_10.png
  artifactKey: Guid(abd035fb6332ca349b38f5a611127c07) Importer(815301076,1909f56bfc062723c751e8b465ee728b)
Start importing Assets/Resources/ShopSprites/Icons/Gloves/Gloves_10.png using Guid(abd035fb6332ca349b38f5a611127c07) Importer(815301076,1909f56bfc062723c751e8b465ee728b) (PreviewImporter) -> (artifact id: 'd8c0ef8ec01418133168011304697fee') in 0.0203284 seconds
Number of updated asset objects reloaded before import = 0Number of asset objects unloaded after import = 3

========================================================================
Received Import Request.
  Time since last request: 1.877544 seconds.
  path: Assets/Resources/ShopSprites/Icons/Helmets
  artifactKey: Guid(8c81d95d8b6e6df47a2d1e38b3284f55) Importer(815301076,1909f56bfc062723c751e8b465ee728b)
Start importing Assets/Resources/ShopSprites/Icons/Helmets using Guid(8c81d95d8b6e6df47a2d1e38b3284f55) Importer(815301076,1909f56bfc062723c751e8b465ee728b) (PreviewImporter) -> (artifact id: 'a7e81a250e0fc1d77604cf3f66e8699e') in 0.000866 seconds
Number of updated asset objects reloaded before import = 0Number of asset objects unloaded after import = 0

========================================================================
Received Import Request.
  Time since last request: 1.451681 seconds.
  path: Assets/Resources/ShopSprites/Icons/Helmets/Helmet_1.png
  artifactKey: Guid(17cae2ee3c78bf24bb9068925adac2c3) Importer(815301076,1909f56bfc062723c751e8b465ee728b)
Start importing Assets/Resources/ShopSprites/Icons/Helmets/Helmet_1.png using Guid(17cae2ee3c78bf24bb9068925adac2c3) Importer(815301076,1909f56bfc062723c751e8b465ee728b) (PreviewImporter) -> (artifact id: 'ad202ec02368110e64845c6d6cfd8447') in 0.019893 seconds
Number of updated asset objects reloaded before import = 0Number of asset objects unloaded after import = 3

========================================================================
Received Import Request.
  Time since last request: 0.003300 seconds.
  path: Assets/Resources/ShopSprites/Icons/Helmets/Helmet_4.png
  artifactKey: Guid(e8c77b7edfae6fc4a9944db54db83a81) Importer(815301076,1909f56bfc062723c751e8b465ee728b)
Start importing Assets/Resources/ShopSprites/Icons/Helmets/Helmet_4.png using Guid(e8c77b7edfae6fc4a9944db54db83a81) Importer(815301076,1909f56bfc062723c751e8b465ee728b) (PreviewImporter) -> (artifact id: '7f8ffd4cb97f1489a826db87ef02e0e3') in 0.0192044 seconds
Number of updated asset objects reloaded before import = 0Number of asset objects unloaded after import = 3

========================================================================
Received Import Request.
  Time since last request: 0.002357 seconds.
  path: Assets/Resources/ShopSprites/Icons/Helmets/Helmet_7.png
  artifactKey: Guid(4593d81e56553f848be6f00ccc675fb5) Importer(815301076,1909f56bfc062723c751e8b465ee728b)
Start importing Assets/Resources/ShopSprites/Icons/Helmets/Helmet_7.png using Guid(4593d81e56553f848be6f00ccc675fb5) Importer(815301076,1909f56bfc062723c751e8b465ee728b) (PreviewImporter) -> (artifact id: '29ebca7a8486cd30d8d5ec938caaf96f') in 0.0180775 seconds
Number of updated asset objects reloaded before import = 0Number of asset objects unloaded after import = 3

========================================================================
Received Import Request.
  Time since last request: 0.005135 seconds.
  path: Assets/Resources/ShopSprites/Icons/Helmets/Helmet_10.png
  artifactKey: Guid(cf96a9d698956ea46aa4c6f1f6344157) Importer(815301076,1909f56bfc062723c751e8b465ee728b)
Start importing Assets/Resources/ShopSprites/Icons/Helmets/Helmet_10.png using Guid(cf96a9d698956ea46aa4c6f1f6344157) Importer(815301076,1909f56bfc062723c751e8b465ee728b) (PreviewImporter) -> (artifact id: '3dd795d1b00331e31f6b3dff9766086e') in 0.0206286 seconds
Number of updated asset objects reloaded before import = 0Number of asset objects unloaded after import = 3

========================================================================
Received Import Request.
  Time since last request: 5.726781 seconds.
  path: Assets/Resources/ShopSprites/Icons/Helmet
  artifactKey: Guid(8c81d95d8b6e6df47a2d1e38b3284f55) Importer(815301076,1909f56bfc062723c751e8b465ee728b)
Start importing Assets/Resources/ShopSprites/Icons/Helmet using Guid(8c81d95d8b6e6df47a2d1e38b3284f55) Importer(815301076,1909f56bfc062723c751e8b465ee728b) (PreviewImporter) -> (artifact id: '40c486806e783ef85824837a97046e24') in 0.0008904 seconds
Number of updated asset objects reloaded before import = 0Number of asset objects unloaded after import = 0

========================================================================
Received Import Request.
  Time since last request: 1.867148 seconds.
  path: Assets/Resources/ShopSprites/Icons/BodyArmor
  artifactKey: Guid(b5e478a04edeee545836dcf6686179d6) Importer(815301076,1909f56bfc062723c751e8b465ee728b)
Start importing Assets/Resources/ShopSprites/Icons/BodyArmor using Guid(b5e478a04edeee545836dcf6686179d6) Importer(815301076,1909f56bfc062723c751e8b465ee728b) (PreviewImporter) -> (artifact id: '40676e57b53b77c0356b4b162ceed091') in 0.0007263 seconds
Number of updated asset objects reloaded before import = 0Number of asset objects unloaded after import = 0

========================================================================
Received Import Request.
  Time since last request: 0.082129 seconds.
  path: Assets/Resources/ShopSprites/Icons/BodyArmor/BodyArmor_1.png
  artifactKey: Guid(603e026921ee6c44ab5c48b149bb31e9) Importer(815301076,1909f56bfc062723c751e8b465ee728b)
Start importing Assets/Resources/ShopSprites/Icons/BodyArmor/BodyArmor_1.png using Guid(603e026921ee6c44ab5c48b149bb31e9) Importer(815301076,1909f56bfc062723c751e8b465ee728b) (PreviewImporter) -> (artifact id: 'f397e2aa1ad6486d54ee88ef4689bee2') in 0.0186477 seconds
Number of updated asset objects reloaded before import = 0Number of asset objects unloaded after import = 3

========================================================================
Received Import Request.
  Time since last request: 0.002467 seconds.
  path: Assets/Resources/ShopSprites/Icons/BodyArmor/BodyArmor_4.png
  artifactKey: Guid(f23b908312f9e5248ae3178f2ce53100) Importer(815301076,1909f56bfc062723c751e8b465ee728b)
Start importing Assets/Resources/ShopSprites/Icons/BodyArmor/BodyArmor_4.png using Guid(f23b908312f9e5248ae3178f2ce53100) Importer(815301076,1909f56bfc062723c751e8b465ee728b) (PreviewImporter) -> (artifact id: 'd7620d95cbbb10e87921c954a49dbee4') in 0.0175928 seconds
Number of updated asset objects reloaded before import = 0Number of asset objects unloaded after import = 3

========================================================================
Received Import Request.
  Time since last request: 0.006685 seconds.
  path: Assets/Resources/ShopSprites/Icons/BodyArmor/BodyArmor_7.png
  artifactKey: Guid(7e03ed8b653ed2845aadb9ea3b7519c0) Importer(815301076,1909f56bfc062723c751e8b465ee728b)
Start importing Assets/Resources/ShopSprites/Icons/BodyArmor/BodyArmor_7.png using Guid(7e03ed8b653ed2845aadb9ea3b7519c0) Importer(815301076,1909f56bfc062723c751e8b465ee728b) (PreviewImporter) -> (artifact id: 'c1793cf155f7f8612892b83c69f370bf') in 0.0220387 seconds
Number of updated asset objects reloaded before import = 0Number of asset objects unloaded after import = 3

========================================================================
Received Import Request.
  Time since last request: 0.000328 seconds.
  path: Assets/Resources/ShopSprites/Icons/BodyArmor/BodyArmor_10.png
  artifactKey: Guid(4849ec8655a39f845ac9bf00a3cdc724) Importer(815301076,1909f56bfc062723c751e8b465ee728b)
Start importing Assets/Resources/ShopSprites/Icons/BodyArmor/BodyArmor_10.png using Guid(4849ec8655a39f845ac9bf00a3cdc724) Importer(815301076,1909f56bfc062723c751e8b465ee728b) (PreviewImporter) -> (artifact id: '94e4efcc21487655521b5f44abc378f1') in 0.0222617 seconds
Number of updated asset objects reloaded before import = 0Number of asset objects unloaded after import = 3

========================================================================
Received Import Request.
  Time since last request: 2.078846 seconds.
  path: Assets/Resources/ShopSprites/Icons/Necklaces
  artifactKey: Guid(3b73951f9d67cb041802641803e9dca3) Importer(815301076,1909f56bfc062723c751e8b465ee728b)
Start importing Assets/Resources/ShopSprites/Icons/Necklaces using Guid(3b73951f9d67cb041802641803e9dca3) Importer(815301076,1909f56bfc062723c751e8b465ee728b) (PreviewImporter) -> (artifact id: '9b825b37a85f6530b8abfd2717960950') in 0.0010797 seconds
Number of updated asset objects reloaded before import = 0Number of asset objects unloaded after import = 0

========================================================================
Received Import Request.
  Time since last request: 0.097362 seconds.
  path: Assets/Resources/ShopSprites/Icons/Necklaces/Necklace_1.png
  artifactKey: Guid(5ee7b9426bc4cc445926a3b693d98d2a) Importer(815301076,1909f56bfc062723c751e8b465ee728b)
Start importing Assets/Resources/ShopSprites/Icons/Necklaces/Necklace_1.png using Guid(5ee7b9426bc4cc445926a3b693d98d2a) Importer(815301076,1909f56bfc062723c751e8b465ee728b) (PreviewImporter) -> (artifact id: '4853e51f21dc19d2ba3f5c09ba6d517c') in 0.015861 seconds
Number of updated asset objects reloaded before import = 0Number of asset objects unloaded after import = 3

========================================================================
Received Import Request.
  Time since last request: 0.005313 seconds.
  path: Assets/Resources/ShopSprites/Icons/Necklaces/Necklace_4.png
  artifactKey: Guid(3252c361a003b834dab965200414190b) Importer(815301076,1909f56bfc062723c751e8b465ee728b)
Start importing Assets/Resources/ShopSprites/Icons/Necklaces/Necklace_4.png using Guid(3252c361a003b834dab965200414190b) Importer(815301076,1909f56bfc062723c751e8b465ee728b) (PreviewImporter) -> (artifact id: '359c4a7aa024de03b22e64a4eb6e6cb5') in 0.0178284 seconds
Number of updated asset objects reloaded before import = 0Number of asset objects unloaded after import = 3

========================================================================
Received Import Request.
  Time since last request: 0.005726 seconds.
  path: Assets/Resources/ShopSprites/Icons/Necklaces/Necklace_7.png
  artifactKey: Guid(292a772b5fedb3d419a59e4a170f0e53) Importer(815301076,1909f56bfc062723c751e8b465ee728b)
Start importing Assets/Resources/ShopSprites/Icons/Necklaces/Necklace_7.png using Guid(292a772b5fedb3d419a59e4a170f0e53) Importer(815301076,1909f56bfc062723c751e8b465ee728b) (PreviewImporter) -> (artifact id: '9c0ac42c0f0ce179a5d38f359b1b2024') in 0.0172419 seconds
Number of updated asset objects reloaded before import = 0Number of asset objects unloaded after import = 3

========================================================================
Received Import Request.
  Time since last request: 0.005574 seconds.
  path: Assets/Resources/ShopSprites/Icons/Necklaces/Necklace_10.png
  artifactKey: Guid(d0f8b0c9d531af344a7e406611305de7) Importer(815301076,1909f56bfc062723c751e8b465ee728b)
Start importing Assets/Resources/ShopSprites/Icons/Necklaces/Necklace_10.png using Guid(d0f8b0c9d531af344a7e406611305de7) Importer(815301076,1909f56bfc062723c751e8b465ee728b) (PreviewImporter) -> (artifact id: 'bb6c183fcc1048d14b0850c8fc660f79') in 0.0227508 seconds
Number of updated asset objects reloaded before import = 0Number of asset objects unloaded after import = 3

========================================================================
Received Import Request.
  Time since last request: 6.060005 seconds.
  path: Assets/Resources/ShopSprites/Icons/Necklace
  artifactKey: Guid(3b73951f9d67cb041802641803e9dca3) Importer(815301076,1909f56bfc062723c751e8b465ee728b)
Start importing Assets/Resources/ShopSprites/Icons/Necklace using Guid(3b73951f9d67cb041802641803e9dca3) Importer(815301076,1909f56bfc062723c751e8b465ee728b) (PreviewImporter) -> (artifact id: '1f253f481b04c96c39e20c64883867d3') in 0.0007602 seconds
Number of updated asset objects reloaded before import = 0Number of asset objects unloaded after import = 0

========================================================================
Received Import Request.
  Time since last request: 2.663519 seconds.
  path: Assets/Resources/ShopSprites/Icons/Pants
  artifactKey: Guid(38e76187b4b31fa46aa50fa95e132d82) Importer(815301076,1909f56bfc062723c751e8b465ee728b)
Start importing Assets/Resources/ShopSprites/Icons/Pants using Guid(38e76187b4b31fa46aa50fa95e132d82) Importer(815301076,1909f56bfc062723c751e8b465ee728b) (PreviewImporter) -> (artifact id: '3b1acf863437e6b277e81af7ab0f6239') in 0.0006968 seconds
Number of updated asset objects reloaded before import = 0Number of asset objects unloaded after import = 0

========================================================================
Received Import Request.
  Time since last request: 0.077184 seconds.
  path: Assets/Resources/ShopSprites/Icons/Pants/Pants_1.png
  artifactKey: Guid(7d4f9cff490ea9e4e8de620ec2fadcb5) Importer(815301076,1909f56bfc062723c751e8b465ee728b)
Start importing Assets/Resources/ShopSprites/Icons/Pants/Pants_1.png using Guid(7d4f9cff490ea9e4e8de620ec2fadcb5) Importer(815301076,1909f56bfc062723c751e8b465ee728b) (PreviewImporter) -> (artifact id: 'e83f1ecee449b55dfbb924d9d238c033') in 0.0200088 seconds
Number of updated asset objects reloaded before import = 0Number of asset objects unloaded after import = 3

========================================================================
Received Import Request.
  Time since last request: 0.001558 seconds.
  path: Assets/Resources/ShopSprites/Icons/Pants/Pants_4.png
  artifactKey: Guid(9c6dd9d8578e17e4ea242463eec35455) Importer(815301076,1909f56bfc062723c751e8b465ee728b)
Start importing Assets/Resources/ShopSprites/Icons/Pants/Pants_4.png using Guid(9c6dd9d8578e17e4ea242463eec35455) Importer(815301076,1909f56bfc062723c751e8b465ee728b) (PreviewImporter) -> (artifact id: '0f726fd12ffe054577474194504a91a8') in 0.0206303 seconds
Number of updated asset objects reloaded before import = 0Number of asset objects unloaded after import = 3

========================================================================
Received Import Request.
  Time since last request: 0.004707 seconds.
  path: Assets/Resources/ShopSprites/Icons/Pants/Pants_7.png
  artifactKey: Guid(1a7285669af7b5347b09615f2c49c9da) Importer(815301076,1909f56bfc062723c751e8b465ee728b)
Start importing Assets/Resources/ShopSprites/Icons/Pants/Pants_7.png using Guid(1a7285669af7b5347b09615f2c49c9da) Importer(815301076,1909f56bfc062723c751e8b465ee728b) (PreviewImporter) -> (artifact id: '0f5647b18018cc7930bd7fed7a0fad86') in 0.0193866 seconds
Number of updated asset objects reloaded before import = 0Number of asset objects unloaded after import = 3

========================================================================
Received Import Request.
  Time since last request: 0.002188 seconds.
  path: Assets/Resources/ShopSprites/Icons/Pants/Pants_10.png
  artifactKey: Guid(8020903fc1b8a7f4c9b859d773f0c3c0) Importer(815301076,1909f56bfc062723c751e8b465ee728b)
Start importing Assets/Resources/ShopSprites/Icons/Pants/Pants_10.png using Guid(8020903fc1b8a7f4c9b859d773f0c3c0) Importer(815301076,1909f56bfc062723c751e8b465ee728b) (PreviewImporter) -> (artifact id: '26e3b7cbd200d29186644ceeb28863b2') in 0.0224642 seconds
Number of updated asset objects reloaded before import = 0Number of asset objects unloaded after import = 3

========================================================================
Received Import Request.
  Time since last request: 5.815977 seconds.
  path: Assets/Resources/ShopSprites/Icons/Ring
  artifactKey: Guid(3e1a59a618f0c894192f8d4c6b68de26) Importer(815301076,1909f56bfc062723c751e8b465ee728b)
Start importing Assets/Resources/ShopSprites/Icons/Ring using Guid(3e1a59a618f0c894192f8d4c6b68de26) Importer(815301076,1909f56bfc062723c751e8b465ee728b) (PreviewImporter) -> (artifact id: '7e6e62cdb8210c1f80bae1106d9d5c6d') in 0.0007154 seconds
Number of updated asset objects reloaded before import = 0Number of asset objects unloaded after import = 0

========================================================================
Received Import Request.
  Time since last request: 0.755292 seconds.
  path: Assets/Resources/ShopSprites/Icons/Shoulders
  artifactKey: Guid(fa3b687991d2952459dea574501ef21d) Importer(815301076,1909f56bfc062723c751e8b465ee728b)
Start importing Assets/Resources/ShopSprites/Icons/Shoulders using Guid(fa3b687991d2952459dea574501ef21d) Importer(815301076,1909f56bfc062723c751e8b465ee728b) (PreviewImporter) -> (artifact id: 'e806639473e3a825970d1b0d39f218b2') in 0.0007244 seconds
Number of updated asset objects reloaded before import = 0Number of asset objects unloaded after import = 0

========================================================================
Received Import Request.
  Time since last request: 0.135295 seconds.
  path: Assets/Resources/ShopSprites/Icons/Shoulders/Shoulders_1.png
  artifactKey: Guid(37ab19403e5d557408d685eb455cb0d6) Importer(815301076,1909f56bfc062723c751e8b465ee728b)
Start importing Assets/Resources/ShopSprites/Icons/Shoulders/Shoulders_1.png using Guid(37ab19403e5d557408d685eb455cb0d6) Importer(815301076,1909f56bfc062723c751e8b465ee728b) (PreviewImporter) -> (artifact id: 'e3618cd8070497d3714df03230d3a1e2') in 0.0175545 seconds
Number of updated asset objects reloaded before import = 0Number of asset objects unloaded after import = 3

========================================================================
Received Import Request.
  Time since last request: 0.005041 seconds.
  path: Assets/Resources/ShopSprites/Icons/Shoulders/Shoulders_4.png
  artifactKey: Guid(1fc676d28652ff445a6b6f15e038061f) Importer(815301076,1909f56bfc062723c751e8b465ee728b)
Start importing Assets/Resources/ShopSprites/Icons/Shoulders/Shoulders_4.png using Guid(1fc676d28652ff445a6b6f15e038061f) Importer(815301076,1909f56bfc062723c751e8b465ee728b) (PreviewImporter) -> (artifact id: 'b793f11db81e6571210cb73c4317f692') in 0.0196285 seconds
Number of updated asset objects reloaded before import = 0Number of asset objects unloaded after import = 3

========================================================================
Received Import Request.
  Time since last request: 0.002106 seconds.
  path: Assets/Resources/ShopSprites/Icons/Shoulders/Shoulders_7.png
  artifactKey: Guid(7967904a51694e149af73d00d1d8c9ce) Importer(815301076,1909f56bfc062723c751e8b465ee728b)
Start importing Assets/Resources/ShopSprites/Icons/Shoulders/Shoulders_7.png using Guid(7967904a51694e149af73d00d1d8c9ce) Importer(815301076,1909f56bfc062723c751e8b465ee728b) (PreviewImporter) -> (artifact id: '011026276a57959a33609841077f27c4') in 0.0205329 seconds
Number of updated asset objects reloaded before import = 0Number of asset objects unloaded after import = 3

========================================================================
Received Import Request.
  Time since last request: 0.002976 seconds.
  path: Assets/Resources/ShopSprites/Icons/Shoulders/Shoulders_10.png
  artifactKey: Guid(274db4fb7e30c2d42b20eae8147e5ac3) Importer(815301076,1909f56bfc062723c751e8b465ee728b)
Start importing Assets/Resources/ShopSprites/Icons/Shoulders/Shoulders_10.png using Guid(274db4fb7e30c2d42b20eae8147e5ac3) Importer(815301076,1909f56bfc062723c751e8b465ee728b) (PreviewImporter) -> (artifact id: '37a4c80f76215a869faf042834e89a6b') in 0.0257953 seconds
Number of updated asset objects reloaded before import = 0Number of asset objects unloaded after import = 3

========================================================================
Received Prepare
Refreshing native plugins compatible for Editor in 1.05 ms, found 3 plugins.
Preloading 0 native plugins for Editor in 0.00 ms.
Unloading 6 Unused Serialized files (Serialized files now loaded: 0)
Unloading 3318 unused Assets / (1.7 MB). Loaded Objects now: 4019.
Memory consumption went from 143.3 MB to 141.7 MB.
Total: 8.031400 ms (FindLiveObjects: 0.455100 ms CreateObjectMapping: 0.274800 ms MarkObjects: 5.998600 ms  DeleteObjects: 1.301400 ms)

Prepare: number of updated asset objects reloaded= 0
========================================================================
Received Prepare
Refreshing native plugins compatible for Editor in 1.03 ms, found 3 plugins.
Preloading 0 native plugins for Editor in 0.00 ms.
Unloading 6 Unused Serialized files (Serialized files now loaded: 0)
Unloading 3318 unused Assets / (2.2 MB). Loaded Objects now: 4019.
Memory consumption went from 143.3 MB to 141.1 MB.
Total: 9.043600 ms (FindLiveObjects: 0.387500 ms CreateObjectMapping: 0.277600 ms MarkObjects: 5.932900 ms  DeleteObjects: 2.443800 ms)

Prepare: number of updated asset objects reloaded= 0
========================================================================
Received Prepare
Refreshing native plugins compatible for Editor in 1.11 ms, found 3 plugins.
Preloading 0 native plugins for Editor in 0.00 ms.
Unloading 6 Unused Serialized files (Serialized files now loaded: 0)
Unloading 3318 unused Assets / (1.8 MB). Loaded Objects now: 4019.
Memory consumption went from 143.3 MB to 141.5 MB.
Total: 8.064400 ms (FindLiveObjects: 0.420400 ms CreateObjectMapping: 0.283500 ms MarkObjects: 5.810700 ms  DeleteObjects: 1.548500 ms)

Prepare: number of updated asset objects reloaded= 0
