Using pre-set license
Built from '6000.0/staging' branch; Version is '6000.0.24f1 (11fa355cd605) revision 1178165'; Using compiler version '193933523'; Build Type 'Release'
OS: 'Windows 11  (10.0.22631) 64bit Core' Language: 'ru' Physical Memory: 16121 MB
BatchMode: 1, IsHumanControllingUs: 0, StartBugReporterOnCrash: 0, Is64bit: 1, IsPro: 1

COMMAND LINE ARGUMENTS:
D:\Unity Hub\6000.0.24f1\Editor\Unity.exe
-adb2
-batchMode
-noUpm
-name
AssetImportWorker3
-projectPath
C:/Users/User/Documents/3D game
-logFile
Logs/AssetImportWorker3.log
-srvPort
51007
-job-worker-count
5
-background-job-worker-count
8
-asset-garbage-collectors
1
Successfully changed project path to: C:/Users/User/Documents/3D game
C:/Users/User/Documents/3D game
[UnityMemory] Configuration Parameters - Can be set up in boot.config
    "memorysetup-bucket-allocator-granularity=16"
    "memorysetup-bucket-allocator-bucket-count=8"
    "memorysetup-bucket-allocator-block-size=33554432"
    "memorysetup-bucket-allocator-block-count=8"
    "memorysetup-main-allocator-block-size=16777216"
    "memorysetup-thread-allocator-block-size=16777216"
    "memorysetup-gfx-main-allocator-block-size=16777216"
    "memorysetup-gfx-thread-allocator-block-size=16777216"
    "memorysetup-cache-allocator-block-size=4194304"
    "memorysetup-typetree-allocator-block-size=2097152"
    "memorysetup-profiler-bucket-allocator-granularity=16"
    "memorysetup-profiler-bucket-allocator-bucket-count=8"
    "memorysetup-profiler-bucket-allocator-block-size=33554432"
    "memorysetup-profiler-bucket-allocator-block-count=8"
    "memorysetup-profiler-allocator-block-size=16777216"
    "memorysetup-profiler-editor-allocator-block-size=1048576"
    "memorysetup-temp-allocator-size-main=16777216"
    "memorysetup-job-temp-allocator-block-size=2097152"
    "memorysetup-job-temp-allocator-block-size-background=1048576"
    "memorysetup-job-temp-allocator-reduction-small-platforms=262144"
    "memorysetup-allocator-temp-initial-block-size-main=262144"
    "memorysetup-allocator-temp-initial-block-size-worker=262144"
    "memorysetup-temp-allocator-size-background-worker=32768"
    "memorysetup-temp-allocator-size-job-worker=262144"
    "memorysetup-temp-allocator-size-preload-manager=33554432"
    "memorysetup-temp-allocator-size-nav-mesh-worker=65536"
    "memorysetup-temp-allocator-size-audio-worker=65536"
    "memorysetup-temp-allocator-size-cloud-worker=32768"
    "memorysetup-temp-allocator-size-gi-baking-worker=262144"
    "memorysetup-temp-allocator-size-gi-baking-worker=262144"
    "memorysetup-temp-allocator-size-gi-baking-worker=262144"
    "memorysetup-temp-allocator-size-gi-baking-worker=262144"
    "memorysetup-temp-allocator-size-gi-baking-worker=262144"
    "memorysetup-temp-allocator-size-gfx=262144"
Player connection [10544]  Target information:

Player connection [10544]  * "[IP] 192.168.31.119 [Port] 0 [Flags] 2 [Guid] 1970476792 [EditorId] 1970476792 [Version] 1048832 [Id] WindowsEditor(7,Asus) [Debug] 1 [PackageName] WindowsEditor [ProjectName] Editor" 

Player connection [10544] Host joined multi-casting on [225.0.0.222:54997]...
Player connection [10544] Host joined alternative multi-casting on [225.0.0.222:34997]...
JobSystem: Creating JobQueue using job-worker-count value 5
[Physics::Module] Initialized fallback backend.
[Physics::Module] Id: 0xdecafbad
Library Redirect Path: Library/
[Physics::Module] Selected backend.
[Physics::Module] Name: PhysX
[Physics::Module] Id: 0xf2b8ea05
[Physics::Module] SDK Version: 4.1.2
[Physics::Module] Integration Version: 1.0.0
[Physics::Module] Threading Mode: Multi-Threaded
Refreshing native plugins compatible for Editor in 1.38 ms, found 3 plugins.
Preloading 0 native plugins for Editor in 0.00 ms.
Initialize engine version: 6000.0.24f1 (11fa355cd605)
[Subsystems] Discovering subsystems at path D:/Unity Hub/6000.0.24f1/Editor/Data/Resources/UnitySubsystems
[Subsystems] Discovering subsystems at path C:/Users/User/Documents/3D game/Assets
GfxDevice: creating device client; kGfxThreadingModeNonThreaded
Direct3D:
    Version:  Direct3D 11.0 [level 11.1]
    Renderer: NVIDIA GeForce RTX 3050 Ti Laptop GPU (ID=0x25a0)
    Vendor:   NVIDIA
    VRAM:     3962 MB
    Driver:   32.0.15.6590
Initialize mono
Mono path[0] = 'D:/Unity Hub/6000.0.24f1/Editor/Data/Managed'
Mono path[1] = 'D:/Unity Hub/6000.0.24f1/Editor/Data/MonoBleedingEdge/lib/mono/unityjit-win32'
Mono config path = 'D:/Unity Hub/6000.0.24f1/Editor/Data/MonoBleedingEdge/etc'
Using monoOptions --debugger-agent=transport=dt_socket,embedding=1,server=y,suspend=n,address=127.0.0.1:56588
Begin MonoManager ReloadAssembly
Registering precompiled unity dll's ...
Register platform support module: D:/Unity Hub/6000.0.24f1/Editor/Data/PlaybackEngines/WindowsStandaloneSupport/UnityEditor.WindowsStandalone.Extensions.dll
Registered in 0.001732 seconds.
- Loaded All Assemblies, in  0.452 seconds
Native extension for WindowsStandalone target not found
Mono: successfully reloaded assembly
- Finished resetting the current domain, in  0.309 seconds
Domain Reload Profiling: 761ms
	BeginReloadAssembly (166ms)
		ExecutionOrderSort (0ms)
		DisableScriptedObjects (0ms)
		BackupInstance (0ms)
		ReleaseScriptingObjects (0ms)
		CreateAndSetChildDomain (1ms)
	RebuildCommonClasses (44ms)
	RebuildNativeTypeToScriptingClass (12ms)
	initialDomainReloadingComplete (49ms)
	LoadAllAssembliesAndSetupDomain (181ms)
		LoadAssemblies (166ms)
		RebuildTransferFunctionScriptingTraits (0ms)
		AnalyzeDomain (178ms)
			TypeCache.Refresh (176ms)
				TypeCache.ScanAssembly (161ms)
			BuildScriptInfoCaches (0ms)
			ResolveRequiredComponents (0ms)
	FinalizeReload (309ms)
		ReleaseScriptCaches (0ms)
		RebuildScriptCaches (0ms)
		SetupLoadedEditorAssemblies (270ms)
			LogAssemblyErrors (0ms)
			InitializePlatformSupportModulesInManaged (21ms)
			SetLoadedEditorAssemblies (4ms)
			BeforeProcessingInitializeOnLoad (5ms)
			ProcessInitializeOnLoadAttributes (174ms)
			ProcessInitializeOnLoadMethodAttributes (61ms)
			AfterProcessingInitializeOnLoad (3ms)
			EditorAssembliesLoaded (0ms)
		ExecutionOrderSort2 (0ms)
		AwakeInstancesAfterBackupRestoration (0ms)
========================================================================
Worker process is ready to serve import requests
Import Worker Mode flag is 0x00
Begin MonoManager ReloadAssembly
- Loaded All Assemblies, in  0.865 seconds
Refreshing native plugins compatible for Editor in 0.82 ms, found 3 plugins.
Native extension for WindowsStandalone target not found
Mono: successfully reloaded assembly
- Finished resetting the current domain, in  0.641 seconds
Domain Reload Profiling: 1505ms
	BeginReloadAssembly (430ms)
		ExecutionOrderSort (0ms)
		DisableScriptedObjects (6ms)
		BackupInstance (0ms)
		ReleaseScriptingObjects (0ms)
		CreateAndSetChildDomain (33ms)
	RebuildCommonClasses (33ms)
	RebuildNativeTypeToScriptingClass (11ms)
	initialDomainReloadingComplete (30ms)
	LoadAllAssembliesAndSetupDomain (359ms)
		LoadAssemblies (290ms)
		RebuildTransferFunctionScriptingTraits (0ms)
		AnalyzeDomain (164ms)
			TypeCache.Refresh (122ms)
				TypeCache.ScanAssembly (106ms)
			BuildScriptInfoCaches (35ms)
			ResolveRequiredComponents (5ms)
	FinalizeReload (641ms)
		ReleaseScriptCaches (0ms)
		RebuildScriptCaches (0ms)
		SetupLoadedEditorAssemblies (433ms)
			LogAssemblyErrors (0ms)
			InitializePlatformSupportModulesInManaged (2ms)
			SetLoadedEditorAssemblies (3ms)
			BeforeProcessingInitializeOnLoad (32ms)
			ProcessInitializeOnLoadAttributes (368ms)
			ProcessInitializeOnLoadMethodAttributes (24ms)
			AfterProcessingInitializeOnLoad (4ms)
			EditorAssembliesLoaded (0ms)
		ExecutionOrderSort2 (0ms)
		AwakeInstancesAfterBackupRestoration (6ms)
Launched and connected shader compiler UnityShaderCompiler.exe after 0.02 seconds
Refreshing native plugins compatible for Editor in 0.86 ms, found 3 plugins.
Preloading 0 native plugins for Editor in 0.00 ms.
Unloading 48 Unused Serialized files (Serialized files now loaded: 0)
Unloading 3326 unused Assets / (2.0 MB). Loaded Objects now: 3970.
Memory consumption went from 143.2 MB to 141.2 MB.
Total: 6.200600 ms (FindLiveObjects: 0.368000 ms CreateObjectMapping: 0.235800 ms MarkObjects: 4.151000 ms  DeleteObjects: 1.444500 ms)

========================================================================
Received Import Request.
  Time since last request: 2401.329827 seconds.
  path: Assets/Resources/ShopSprites/Icons/Earrings/Earrings_3.png
  artifactKey: Guid(43e459cda06b289458d8701ff3d3af45) Importer(815301076,1909f56bfc062723c751e8b465ee728b)
Start importing Assets/Resources/ShopSprites/Icons/Earrings/Earrings_3.png using Guid(43e459cda06b289458d8701ff3d3af45) Importer(815301076,1909f56bfc062723c751e8b465ee728b) (PreviewImporter) -> (artifact id: '2ce36e30ded0ffdbfdcb22c347bc2257') in 0.1156032 seconds
Number of updated asset objects reloaded before import = 0Number of asset objects unloaded after import = 3

========================================================================
Received Import Request.
  Time since last request: 36.627975 seconds.
  path: Assets/Resources/ShopSprites/Icons/Boots/Boots_3.png
  artifactKey: Guid(88e934221cc793949b1536ca0d2cc119) Importer(815301076,1909f56bfc062723c751e8b465ee728b)
Start importing Assets/Resources/ShopSprites/Icons/Boots/Boots_3.png using Guid(88e934221cc793949b1536ca0d2cc119) Importer(815301076,1909f56bfc062723c751e8b465ee728b) (PreviewImporter) -> (artifact id: 'b1e4d67c01b7d84fcdd5f239b5fea312') in 0.0197649 seconds
Number of updated asset objects reloaded before import = 0Number of asset objects unloaded after import = 3

========================================================================
Received Import Request.
  Time since last request: 0.003753 seconds.
  path: Assets/Resources/ShopSprites/Icons/Boots/Boots_6.png
  artifactKey: Guid(25978b279a6a29c4582447bb47d70638) Importer(815301076,1909f56bfc062723c751e8b465ee728b)
Start importing Assets/Resources/ShopSprites/Icons/Boots/Boots_6.png using Guid(25978b279a6a29c4582447bb47d70638) Importer(815301076,1909f56bfc062723c751e8b465ee728b) (PreviewImporter) -> (artifact id: 'becd5bc86056b643a0999b421be35fab') in 0.0174004 seconds
Number of updated asset objects reloaded before import = 0Number of asset objects unloaded after import = 3

========================================================================
Received Import Request.
  Time since last request: 0.004357 seconds.
  path: Assets/Resources/ShopSprites/Icons/Boots/Boots_9.png
  artifactKey: Guid(be42db7e0ad42c24685b4d62c9621944) Importer(815301076,1909f56bfc062723c751e8b465ee728b)
Start importing Assets/Resources/ShopSprites/Icons/Boots/Boots_9.png using Guid(be42db7e0ad42c24685b4d62c9621944) Importer(815301076,1909f56bfc062723c751e8b465ee728b) (PreviewImporter) -> (artifact id: '241a09774be347a9c97787763abeed41') in 0.0182947 seconds
Number of updated asset objects reloaded before import = 0Number of asset objects unloaded after import = 3

========================================================================
Received Import Request.
  Time since last request: 10.018441 seconds.
  path: Assets/Resources/ShopSprites/Icons/Bracers/Bracers_3.png
  artifactKey: Guid(165b78b91767f78409a527d4f93b7e7b) Importer(815301076,1909f56bfc062723c751e8b465ee728b)
Start importing Assets/Resources/ShopSprites/Icons/Bracers/Bracers_3.png using Guid(165b78b91767f78409a527d4f93b7e7b) Importer(815301076,1909f56bfc062723c751e8b465ee728b) (PreviewImporter) -> (artifact id: 'ee61519cf307ed5e10f0d1d84bc6c17c') in 0.0235249 seconds
Number of updated asset objects reloaded before import = 0Number of asset objects unloaded after import = 3

========================================================================
Received Import Request.
  Time since last request: 0.003792 seconds.
  path: Assets/Resources/ShopSprites/Icons/Bracers/Bracers_6.png
  artifactKey: Guid(ae1d584e94605a848940b6b613604bf1) Importer(815301076,1909f56bfc062723c751e8b465ee728b)
Start importing Assets/Resources/ShopSprites/Icons/Bracers/Bracers_6.png using Guid(ae1d584e94605a848940b6b613604bf1) Importer(815301076,1909f56bfc062723c751e8b465ee728b) (PreviewImporter) -> (artifact id: '423d8e5f0ebbd07bfc515b7b71bbbf74') in 0.0192394 seconds
Number of updated asset objects reloaded before import = 0Number of asset objects unloaded after import = 3

========================================================================
Received Import Request.
  Time since last request: 0.005540 seconds.
  path: Assets/Resources/ShopSprites/Icons/Bracers/Bracers_9.png
  artifactKey: Guid(04b904f02cd6985479b44545cbe129c4) Importer(815301076,1909f56bfc062723c751e8b465ee728b)
Start importing Assets/Resources/ShopSprites/Icons/Bracers/Bracers_9.png using Guid(04b904f02cd6985479b44545cbe129c4) Importer(815301076,1909f56bfc062723c751e8b465ee728b) (PreviewImporter) -> (artifact id: 'c9f4ac32d80244c77cc734a62272c046') in 0.0233818 seconds
Number of updated asset objects reloaded before import = 0Number of asset objects unloaded after import = 3

========================================================================
Received Import Request.
  Time since last request: 5.130367 seconds.
  path: Assets/Resources/ShopSprites/Icons/Gloves/Gloves_3.png
  artifactKey: Guid(c934a695880d5c8408520c24893c3b5f) Importer(815301076,1909f56bfc062723c751e8b465ee728b)
Start importing Assets/Resources/ShopSprites/Icons/Gloves/Gloves_3.png using Guid(c934a695880d5c8408520c24893c3b5f) Importer(815301076,1909f56bfc062723c751e8b465ee728b) (PreviewImporter) -> (artifact id: '2335bcc37fc41bd1f4ae2bf208f1de29') in 0.0185083 seconds
Number of updated asset objects reloaded before import = 0Number of asset objects unloaded after import = 3

========================================================================
Received Import Request.
  Time since last request: 0.006207 seconds.
  path: Assets/Resources/ShopSprites/Icons/Gloves/Gloves_6.png
  artifactKey: Guid(8e3c0765fb790434eb3f2260423da8fe) Importer(815301076,1909f56bfc062723c751e8b465ee728b)
Start importing Assets/Resources/ShopSprites/Icons/Gloves/Gloves_6.png using Guid(8e3c0765fb790434eb3f2260423da8fe) Importer(815301076,1909f56bfc062723c751e8b465ee728b) (PreviewImporter) -> (artifact id: '732fcd077dc428318cdda0d7910431c1') in 0.0164687 seconds
Number of updated asset objects reloaded before import = 0Number of asset objects unloaded after import = 3

========================================================================
Received Import Request.
  Time since last request: 0.004670 seconds.
  path: Assets/Resources/ShopSprites/Icons/Gloves/Gloves_9.png
  artifactKey: Guid(1c026012c3b9f914aa13097b4d9ee9e3) Importer(815301076,1909f56bfc062723c751e8b465ee728b)
Start importing Assets/Resources/ShopSprites/Icons/Gloves/Gloves_9.png using Guid(1c026012c3b9f914aa13097b4d9ee9e3) Importer(815301076,1909f56bfc062723c751e8b465ee728b) (PreviewImporter) -> (artifact id: 'b0f4fc43b80cae40b4c5a7da17fe0fca') in 0.0233993 seconds
Number of updated asset objects reloaded before import = 0Number of asset objects unloaded after import = 3

========================================================================
Received Import Request.
  Time since last request: 3.354286 seconds.
  path: Assets/Resources/ShopSprites/Icons/Helmets/Helmet_3.png
  artifactKey: Guid(3a33633e1ba06874694a36a52f144896) Importer(815301076,1909f56bfc062723c751e8b465ee728b)
Start importing Assets/Resources/ShopSprites/Icons/Helmets/Helmet_3.png using Guid(3a33633e1ba06874694a36a52f144896) Importer(815301076,1909f56bfc062723c751e8b465ee728b) (PreviewImporter) -> (artifact id: 'bf854f626f9b334e3d79864b8421651b') in 0.0163514 seconds
Number of updated asset objects reloaded before import = 0Number of asset objects unloaded after import = 3

========================================================================
Received Import Request.
  Time since last request: 0.006334 seconds.
  path: Assets/Resources/ShopSprites/Icons/Helmets/Helmet_6.png
  artifactKey: Guid(e9a8390f5c126fe4ca429f01fb7306c0) Importer(815301076,1909f56bfc062723c751e8b465ee728b)
Start importing Assets/Resources/ShopSprites/Icons/Helmets/Helmet_6.png using Guid(e9a8390f5c126fe4ca429f01fb7306c0) Importer(815301076,1909f56bfc062723c751e8b465ee728b) (PreviewImporter) -> (artifact id: '60d4e8b7572ecc1ff0a030641202138f') in 0.0181904 seconds
Number of updated asset objects reloaded before import = 0Number of asset objects unloaded after import = 3

========================================================================
Received Import Request.
  Time since last request: 0.004786 seconds.
  path: Assets/Resources/ShopSprites/Icons/Helmets/Helmet_9.png
  artifactKey: Guid(aedb3c71a07bb264e84afa0125a4bde2) Importer(815301076,1909f56bfc062723c751e8b465ee728b)
Start importing Assets/Resources/ShopSprites/Icons/Helmets/Helmet_9.png using Guid(aedb3c71a07bb264e84afa0125a4bde2) Importer(815301076,1909f56bfc062723c751e8b465ee728b) (PreviewImporter) -> (artifact id: 'efbb4e8ab3ff0b871f879faf02a24ec5') in 0.0168571 seconds
Number of updated asset objects reloaded before import = 0Number of asset objects unloaded after import = 3

========================================================================
Received Import Request.
  Time since last request: 7.706507 seconds.
  path: Assets/Resources/ShopSprites/Icons/BodyArmor/BodyArmor_3.png
  artifactKey: Guid(fb282987f1a8d854abe31fdea956eb6d) Importer(815301076,1909f56bfc062723c751e8b465ee728b)
Start importing Assets/Resources/ShopSprites/Icons/BodyArmor/BodyArmor_3.png using Guid(fb282987f1a8d854abe31fdea956eb6d) Importer(815301076,1909f56bfc062723c751e8b465ee728b) (PreviewImporter) -> (artifact id: 'b7928627122e2a3ac6d23480253ecc99') in 0.017054 seconds
Number of updated asset objects reloaded before import = 0Number of asset objects unloaded after import = 3

========================================================================
Received Import Request.
  Time since last request: 0.006418 seconds.
  path: Assets/Resources/ShopSprites/Icons/BodyArmor/BodyArmor_6.png
  artifactKey: Guid(52b21a4cd72343d40b55e08c15db3350) Importer(815301076,1909f56bfc062723c751e8b465ee728b)
Start importing Assets/Resources/ShopSprites/Icons/BodyArmor/BodyArmor_6.png using Guid(52b21a4cd72343d40b55e08c15db3350) Importer(815301076,1909f56bfc062723c751e8b465ee728b) (PreviewImporter) -> (artifact id: 'd3ae1f73949882f4f8febd7ea6a39d4a') in 0.0187524 seconds
Number of updated asset objects reloaded before import = 0Number of asset objects unloaded after import = 3

========================================================================
Received Import Request.
  Time since last request: 0.001993 seconds.
  path: Assets/Resources/ShopSprites/Icons/BodyArmor/BodyArmor_9.png
  artifactKey: Guid(4bf21e1a9ac79f1499cf0b24402aa8ce) Importer(815301076,1909f56bfc062723c751e8b465ee728b)
Start importing Assets/Resources/ShopSprites/Icons/BodyArmor/BodyArmor_9.png using Guid(4bf21e1a9ac79f1499cf0b24402aa8ce) Importer(815301076,1909f56bfc062723c751e8b465ee728b) (PreviewImporter) -> (artifact id: '662596a07435238e95a0a570d9d3a8e9') in 0.0217577 seconds
Number of updated asset objects reloaded before import = 0Number of asset objects unloaded after import = 3

========================================================================
Received Import Request.
  Time since last request: 2.203128 seconds.
  path: Assets/Resources/ShopSprites/Icons/Necklaces/Necklace_3.png
  artifactKey: Guid(982891f0e235d3a48a1f922d29e65e2c) Importer(815301076,1909f56bfc062723c751e8b465ee728b)
Start importing Assets/Resources/ShopSprites/Icons/Necklaces/Necklace_3.png using Guid(982891f0e235d3a48a1f922d29e65e2c) Importer(815301076,1909f56bfc062723c751e8b465ee728b) (PreviewImporter) -> (artifact id: '7dfe47b681cecf8a77062977d8780c18') in 0.0186298 seconds
Number of updated asset objects reloaded before import = 0Number of asset objects unloaded after import = 3

========================================================================
Received Import Request.
  Time since last request: 0.004866 seconds.
  path: Assets/Resources/ShopSprites/Icons/Necklaces/Necklace_6.png
  artifactKey: Guid(a15f9eef18072634fab419257e221e0e) Importer(815301076,1909f56bfc062723c751e8b465ee728b)
Start importing Assets/Resources/ShopSprites/Icons/Necklaces/Necklace_6.png using Guid(a15f9eef18072634fab419257e221e0e) Importer(815301076,1909f56bfc062723c751e8b465ee728b) (PreviewImporter) -> (artifact id: 'd8ab4c8ccc3a35d0a60f9e6ee726767e') in 0.0192024 seconds
Number of updated asset objects reloaded before import = 0Number of asset objects unloaded after import = 3

========================================================================
Received Import Request.
  Time since last request: 0.002912 seconds.
  path: Assets/Resources/ShopSprites/Icons/Necklaces/Necklace_9.png
  artifactKey: Guid(00182737fc4ed1444be60aebfdf136dd) Importer(815301076,1909f56bfc062723c751e8b465ee728b)
Start importing Assets/Resources/ShopSprites/Icons/Necklaces/Necklace_9.png using Guid(00182737fc4ed1444be60aebfdf136dd) Importer(815301076,1909f56bfc062723c751e8b465ee728b) (PreviewImporter) -> (artifact id: '8607707b86b1811f924f79c07dff4fd6') in 0.0220877 seconds
Number of updated asset objects reloaded before import = 0Number of asset objects unloaded after import = 3

========================================================================
Received Import Request.
  Time since last request: 8.828578 seconds.
  path: Assets/Resources/ShopSprites/Icons/Pants/Pants_3.png
  artifactKey: Guid(87abcf46924eb254f8f05989b54e15a6) Importer(815301076,1909f56bfc062723c751e8b465ee728b)
Start importing Assets/Resources/ShopSprites/Icons/Pants/Pants_3.png using Guid(87abcf46924eb254f8f05989b54e15a6) Importer(815301076,1909f56bfc062723c751e8b465ee728b) (PreviewImporter) -> (artifact id: '5d3209d65074547f23b6a9b492cb0657') in 0.0165276 seconds
Number of updated asset objects reloaded before import = 0Number of asset objects unloaded after import = 3

========================================================================
Received Import Request.
  Time since last request: 0.008365 seconds.
  path: Assets/Resources/ShopSprites/Icons/Pants/Pants_6.png
  artifactKey: Guid(2b8c10f11c4cd2a4588a333aa8b91efa) Importer(815301076,1909f56bfc062723c751e8b465ee728b)
Start importing Assets/Resources/ShopSprites/Icons/Pants/Pants_6.png using Guid(2b8c10f11c4cd2a4588a333aa8b91efa) Importer(815301076,1909f56bfc062723c751e8b465ee728b) (PreviewImporter) -> (artifact id: '7deb02d0f1501ac05187a8dc405e92fa') in 0.0175865 seconds
Number of updated asset objects reloaded before import = 0Number of asset objects unloaded after import = 3

========================================================================
Received Import Request.
  Time since last request: 0.004505 seconds.
  path: Assets/Resources/ShopSprites/Icons/Pants/Pants_9.png
  artifactKey: Guid(c42a86e2f1b2667418ac6399820db2d3) Importer(815301076,1909f56bfc062723c751e8b465ee728b)
Start importing Assets/Resources/ShopSprites/Icons/Pants/Pants_9.png using Guid(c42a86e2f1b2667418ac6399820db2d3) Importer(815301076,1909f56bfc062723c751e8b465ee728b) (PreviewImporter) -> (artifact id: 'd6f1b8dd8d69c9714fc77daed2b52c98') in 0.021534 seconds
Number of updated asset objects reloaded before import = 0Number of asset objects unloaded after import = 3

========================================================================
Received Import Request.
  Time since last request: 6.734165 seconds.
  path: Assets/Resources/ShopSprites/Icons/Shoulders/Shoulders_3.png
  artifactKey: Guid(b7664ce4d4a983d40b7b8882d8fdfe43) Importer(815301076,1909f56bfc062723c751e8b465ee728b)
Start importing Assets/Resources/ShopSprites/Icons/Shoulders/Shoulders_3.png using Guid(b7664ce4d4a983d40b7b8882d8fdfe43) Importer(815301076,1909f56bfc062723c751e8b465ee728b) (PreviewImporter) -> (artifact id: '9f0663b921bcdc3233b09b85e8111e33') in 0.0173989 seconds
Number of updated asset objects reloaded before import = 0Number of asset objects unloaded after import = 3

========================================================================
Received Import Request.
  Time since last request: 0.003776 seconds.
  path: Assets/Resources/ShopSprites/Icons/Shoulders/Shoulders_6.png
  artifactKey: Guid(e420b914b87b55643ae215c78325ad2a) Importer(815301076,1909f56bfc062723c751e8b465ee728b)
Start importing Assets/Resources/ShopSprites/Icons/Shoulders/Shoulders_6.png using Guid(e420b914b87b55643ae215c78325ad2a) Importer(815301076,1909f56bfc062723c751e8b465ee728b) (PreviewImporter) -> (artifact id: '3a0fc8e2586a50f030ceb9125d69ca52') in 0.0182287 seconds
Number of updated asset objects reloaded before import = 0Number of asset objects unloaded after import = 3

========================================================================
Received Import Request.
  Time since last request: 0.003713 seconds.
  path: Assets/Resources/ShopSprites/Icons/Shoulders/Shoulders_9.png
  artifactKey: Guid(e317ced8d9dd2f941ae32d72b7d0ad1e) Importer(815301076,1909f56bfc062723c751e8b465ee728b)
Start importing Assets/Resources/ShopSprites/Icons/Shoulders/Shoulders_9.png using Guid(e317ced8d9dd2f941ae32d72b7d0ad1e) Importer(815301076,1909f56bfc062723c751e8b465ee728b) (PreviewImporter) -> (artifact id: '890a3e9f1d4a9ad0d5102a4e143483d3') in 0.0196113 seconds
Number of updated asset objects reloaded before import = 0Number of asset objects unloaded after import = 3

========================================================================
Received Prepare
Refreshing native plugins compatible for Editor in 0.96 ms, found 3 plugins.
Preloading 0 native plugins for Editor in 0.00 ms.
Unloading 6 Unused Serialized files (Serialized files now loaded: 0)
Unloading 3318 unused Assets / (1.7 MB). Loaded Objects now: 3978.
Memory consumption went from 132.5 MB to 130.8 MB.
Total: 8.129300 ms (FindLiveObjects: 0.403300 ms CreateObjectMapping: 0.256300 ms MarkObjects: 6.221500 ms  DeleteObjects: 1.246600 ms)

Prepare: number of updated asset objects reloaded= 0
========================================================================
Received Prepare
Refreshing native plugins compatible for Editor in 0.86 ms, found 3 plugins.
Preloading 0 native plugins for Editor in 0.00 ms.
Unloading 6 Unused Serialized files (Serialized files now loaded: 0)
Unloading 3318 unused Assets / (1.5 MB). Loaded Objects now: 3978.
Memory consumption went from 132.5 MB to 131.0 MB.
Total: 6.413500 ms (FindLiveObjects: 0.390300 ms CreateObjectMapping: 0.247800 ms MarkObjects: 4.454400 ms  DeleteObjects: 1.318900 ms)

Prepare: number of updated asset objects reloaded= 0
========================================================================
Received Prepare
Refreshing native plugins compatible for Editor in 0.82 ms, found 3 plugins.
Preloading 0 native plugins for Editor in 0.00 ms.
Unloading 6 Unused Serialized files (Serialized files now loaded: 0)
Unloading 3318 unused Assets / (1.8 MB). Loaded Objects now: 3978.
Memory consumption went from 132.5 MB to 130.6 MB.
Total: 7.767200 ms (FindLiveObjects: 0.389700 ms CreateObjectMapping: 0.255600 ms MarkObjects: 5.552900 ms  DeleteObjects: 1.567700 ms)

Prepare: number of updated asset objects reloaded= 0
